[2020-05-01 10:49:40,029] {taskinstance.py:669} INFO - Dependencies all met for <TaskInstance: olx_crawler.scrape_mobkas 2020-04-30T22:00:00+00:00 [queued]>
[2020-05-01 10:49:40,074] {taskinstance.py:669} INFO - Dependencies all met for <TaskInstance: olx_crawler.scrape_mobkas 2020-04-30T22:00:00+00:00 [queued]>
[2020-05-01 10:49:40,075] {taskinstance.py:879} INFO - 
--------------------------------------------------------------------------------
[2020-05-01 10:49:40,075] {taskinstance.py:880} INFO - Starting attempt 1 of 4
[2020-05-01 10:49:40,075] {taskinstance.py:881} INFO - 
--------------------------------------------------------------------------------
[2020-05-01 10:49:40,942] {taskinstance.py:900} INFO - Executing <Task(BashOperator): scrape_mobkas> on 2020-04-30T22:00:00+00:00
[2020-05-01 10:49:40,955] {standard_task_runner.py:53} INFO - Started process 1180 to run task
[2020-05-01 10:49:42,701] {logging_mixin.py:112} INFO - Running %s on host %s <TaskInstance: olx_crawler.scrape_mobkas 2020-04-30T22:00:00+00:00 [running]> raspberrypi
[2020-05-01 10:49:42,747] {bash_operator.py:82} INFO - Tmp dir root location: 
 /tmp
[2020-05-01 10:49:42,750] {bash_operator.py:105} INFO - Temporary script location: /tmp/airflowtmpj2ipmy7s/scrape_mobkasuwot64k5
[2020-05-01 10:49:42,750] {bash_operator.py:115} INFO - Running command: cd ~/olx_crawler && python3 olx_scrape_mobkas.py
[2020-05-01 10:49:42,765] {bash_operator.py:122} INFO - Output:
[2020-05-01 10:53:00,440] {bash_operator.py:126} INFO - Downloading html from https://www.olx.co.id/mobil-bekas_c198/q-katana
[2020-05-01 10:53:00,441] {bash_operator.py:126} INFO - Page downloaded
[2020-05-01 10:53:00,442] {bash_operator.py:126} INFO - Start scraping from html tags...
[2020-05-01 10:53:00,442] {bash_operator.py:126} INFO - Scraping from html tags completed
[2020-05-01 10:53:00,443] {bash_operator.py:126} INFO - Successfully connected to new_olx.db
[2020-05-01 10:53:00,443] {bash_operator.py:126} INFO - Start appending to mobkas
[2020-05-01 10:53:00,444] {bash_operator.py:126} INFO - Successfully appended data to mobkas
[2020-05-01 10:53:00,444] {bash_operator.py:126} INFO - Connection closed
[2020-05-01 10:53:00,444] {bash_operator.py:126} INFO - Appending completed
[2020-05-01 10:53:00,445] {bash_operator.py:126} INFO - Downloading html from https://www.olx.co.id/mobil-bekas_c198/q-e30
[2020-05-01 10:53:00,445] {bash_operator.py:126} INFO - Page downloaded
[2020-05-01 10:53:00,446] {bash_operator.py:126} INFO - Start scraping from html tags...
[2020-05-01 10:53:00,446] {bash_operator.py:126} INFO - Scraping from html tags completed
[2020-05-01 10:53:00,447] {bash_operator.py:126} INFO - Successfully connected to new_olx.db
[2020-05-01 10:53:00,447] {bash_operator.py:126} INFO - Start appending to mobkas
[2020-05-01 10:53:00,448] {bash_operator.py:126} INFO - Successfully appended data to mobkas
[2020-05-01 10:53:00,448] {bash_operator.py:126} INFO - Connection closed
[2020-05-01 10:53:00,448] {bash_operator.py:126} INFO - Appending completed
[2020-05-01 10:53:00,449] {bash_operator.py:126} INFO - Downloading html from https://www.olx.co.id/mobil-bekas_c198/q-volvo-wagon
[2020-05-01 10:53:00,449] {bash_operator.py:126} INFO - Page downloaded
[2020-05-01 10:53:00,450] {bash_operator.py:126} INFO - Start scraping from html tags...
[2020-05-01 10:53:00,450] {bash_operator.py:126} INFO - Scraping from html tags completed
[2020-05-01 10:53:00,451] {bash_operator.py:126} INFO - Successfully connected to new_olx.db
[2020-05-01 10:53:00,451] {bash_operator.py:126} INFO - Start appending to mobkas
[2020-05-01 10:53:00,451] {bash_operator.py:126} INFO - Successfully appended data to mobkas
[2020-05-01 10:53:00,452] {bash_operator.py:126} INFO - Connection closed
[2020-05-01 10:53:00,452] {bash_operator.py:126} INFO - Appending completed
[2020-05-01 10:53:00,660] {bash_operator.py:130} INFO - Command exited with return code 0
[2020-05-01 10:53:00,678] {taskinstance.py:1065} INFO - Marking task as SUCCESS.dag_id=olx_crawler, task_id=scrape_mobkas, execution_date=20200430T220000, start_date=20200501T034940, end_date=20200501T035300
[2020-05-01 10:53:02,352] {logging_mixin.py:112} INFO - [2020-05-01 10:53:02,351] {local_task_job.py:103} INFO - Task exited with return code 0
