[2020-05-01 00:46:41,675] {taskinstance.py:669} INFO - Dependencies all met for <TaskInstance: olx_crawler.scrape_mobkas 2020-04-29T20:00:00+00:00 [queued]>
[2020-05-01 00:46:41,721] {taskinstance.py:669} INFO - Dependencies all met for <TaskInstance: olx_crawler.scrape_mobkas 2020-04-29T20:00:00+00:00 [queued]>
[2020-05-01 00:46:41,721] {taskinstance.py:879} INFO - 
--------------------------------------------------------------------------------
[2020-05-01 00:46:41,722] {taskinstance.py:880} INFO - Starting attempt 1 of 4
[2020-05-01 00:46:41,722] {taskinstance.py:881} INFO - 
--------------------------------------------------------------------------------
[2020-05-01 00:46:42,567] {taskinstance.py:900} INFO - Executing <Task(BashOperator): scrape_mobkas> on 2020-04-29T20:00:00+00:00
[2020-05-01 00:46:42,580] {standard_task_runner.py:53} INFO - Started process 3345 to run task
[2020-05-01 00:46:42,926] {logging_mixin.py:112} INFO - Running %s on host %s <TaskInstance: olx_crawler.scrape_mobkas 2020-04-29T20:00:00+00:00 [running]> raspberrypi
[2020-05-01 00:46:42,973] {bash_operator.py:82} INFO - Tmp dir root location: 
 /tmp
[2020-05-01 00:46:42,975] {bash_operator.py:105} INFO - Temporary script location: /tmp/airflowtmp167hpt8f/scrape_mobkasain6l5nh
[2020-05-01 00:46:42,976] {bash_operator.py:115} INFO - Running command: cd ~/olx_crawler && python3 olx_scrape_mobkas.py
[2020-05-01 00:46:42,991] {bash_operator.py:122} INFO - Output:
[2020-05-01 00:50:08,816] {bash_operator.py:126} INFO - Downloading html from https://www.olx.co.id/mobil-bekas_c198/q-katana
[2020-05-01 00:50:08,817] {bash_operator.py:126} INFO - Page downloaded
[2020-05-01 00:50:08,818] {bash_operator.py:126} INFO - Start scraping from html tags...
[2020-05-01 00:50:08,818] {bash_operator.py:126} INFO - Scraping from html tags completed
[2020-05-01 00:50:08,819] {bash_operator.py:126} INFO - Successfully connected to new_olx.db
[2020-05-01 00:50:08,819] {bash_operator.py:126} INFO - Start appending to mobkas
[2020-05-01 00:50:08,820] {bash_operator.py:126} INFO - Successfully appended data to mobkas
[2020-05-01 00:50:08,820] {bash_operator.py:126} INFO - Connection closed
[2020-05-01 00:50:08,821] {bash_operator.py:126} INFO - Appending completed
[2020-05-01 00:50:08,821] {bash_operator.py:126} INFO - Downloading html from https://www.olx.co.id/mobil-bekas_c198/q-e30
[2020-05-01 00:50:08,822] {bash_operator.py:126} INFO - Page downloaded
[2020-05-01 00:50:08,822] {bash_operator.py:126} INFO - Start scraping from html tags...
[2020-05-01 00:50:08,823] {bash_operator.py:126} INFO - Scraping from html tags completed
[2020-05-01 00:50:08,823] {bash_operator.py:126} INFO - Successfully connected to new_olx.db
[2020-05-01 00:50:08,824] {bash_operator.py:126} INFO - Start appending to mobkas
[2020-05-01 00:50:08,824] {bash_operator.py:126} INFO - Successfully appended data to mobkas
[2020-05-01 00:50:08,825] {bash_operator.py:126} INFO - Connection closed
[2020-05-01 00:50:08,825] {bash_operator.py:126} INFO - Appending completed
[2020-05-01 00:50:08,826] {bash_operator.py:126} INFO - Downloading html from https://www.olx.co.id/mobil-bekas_c198/q-volvo-wagon
[2020-05-01 00:50:08,826] {bash_operator.py:126} INFO - Page downloaded
[2020-05-01 00:50:08,827] {bash_operator.py:126} INFO - Start scraping from html tags...
[2020-05-01 00:50:08,827] {bash_operator.py:126} INFO - Scraping from html tags completed
[2020-05-01 00:50:08,828] {bash_operator.py:126} INFO - Successfully connected to new_olx.db
[2020-05-01 00:50:08,828] {bash_operator.py:126} INFO - Start appending to mobkas
[2020-05-01 00:50:08,829] {bash_operator.py:126} INFO - Successfully appended data to mobkas
[2020-05-01 00:50:08,829] {bash_operator.py:126} INFO - Connection closed
[2020-05-01 00:50:08,830] {bash_operator.py:126} INFO - Appending completed
[2020-05-01 00:50:09,036] {bash_operator.py:130} INFO - Command exited with return code 0
[2020-05-01 00:50:09,234] {taskinstance.py:1065} INFO - Marking task as SUCCESS.dag_id=olx_crawler, task_id=scrape_mobkas, execution_date=20200429T200000, start_date=20200430T174641, end_date=20200430T175009
[2020-05-01 00:50:14,204] {logging_mixin.py:112} INFO - [2020-05-01 00:50:14,202] {local_task_job.py:103} INFO - Task exited with return code 0
