[2020-05-01 11:08:16,567] {taskinstance.py:669} INFO - Dependencies all met for <TaskInstance: olx_crawler.scrape_mobkas 2020-05-01T02:00:00+00:00 [queued]>
[2020-05-01 11:08:16,631] {taskinstance.py:669} INFO - Dependencies all met for <TaskInstance: olx_crawler.scrape_mobkas 2020-05-01T02:00:00+00:00 [queued]>
[2020-05-01 11:08:16,632] {taskinstance.py:879} INFO - 
--------------------------------------------------------------------------------
[2020-05-01 11:08:16,632] {taskinstance.py:880} INFO - Starting attempt 1 of 4
[2020-05-01 11:08:16,632] {taskinstance.py:881} INFO - 
--------------------------------------------------------------------------------
[2020-05-01 11:08:17,451] {taskinstance.py:900} INFO - Executing <Task(BashOperator): scrape_mobkas> on 2020-05-01T02:00:00+00:00
[2020-05-01 11:08:17,464] {standard_task_runner.py:53} INFO - Started process 1401 to run task
[2020-05-01 11:08:18,499] {logging_mixin.py:112} INFO - Running %s on host %s <TaskInstance: olx_crawler.scrape_mobkas 2020-05-01T02:00:00+00:00 [running]> raspberrypi
[2020-05-01 11:08:18,553] {bash_operator.py:82} INFO - Tmp dir root location: 
 /tmp
[2020-05-01 11:08:18,555] {bash_operator.py:105} INFO - Temporary script location: /tmp/airflowtmpgnv__j5o/scrape_mobkascemo0eiu
[2020-05-01 11:08:18,555] {bash_operator.py:115} INFO - Running command: cd ~/olx_crawler && python3 olx_scrape_mobkas.py
[2020-05-01 11:08:18,570] {bash_operator.py:122} INFO - Output:
[2020-05-01 11:11:30,180] {bash_operator.py:126} INFO - Downloading html from https://www.olx.co.id/mobil-bekas_c198/q-katana
[2020-05-01 11:11:30,181] {bash_operator.py:126} INFO - Page downloaded
[2020-05-01 11:11:30,182] {bash_operator.py:126} INFO - Start scraping from html tags...
[2020-05-01 11:11:30,182] {bash_operator.py:126} INFO - Scraping from html tags completed
[2020-05-01 11:11:30,183] {bash_operator.py:126} INFO - Successfully connected to new_olx.db
[2020-05-01 11:11:30,183] {bash_operator.py:126} INFO - Start appending to mobkas
[2020-05-01 11:11:30,184] {bash_operator.py:126} INFO - Successfully appended data to mobkas
[2020-05-01 11:11:30,184] {bash_operator.py:126} INFO - Connection closed
[2020-05-01 11:11:30,185] {bash_operator.py:126} INFO - Appending completed
[2020-05-01 11:11:30,185] {bash_operator.py:126} INFO - Downloading html from https://www.olx.co.id/mobil-bekas_c198/q-e30
[2020-05-01 11:11:30,186] {bash_operator.py:126} INFO - Page downloaded
[2020-05-01 11:11:30,186] {bash_operator.py:126} INFO - Start scraping from html tags...
[2020-05-01 11:11:30,187] {bash_operator.py:126} INFO - Scraping from html tags completed
[2020-05-01 11:11:30,187] {bash_operator.py:126} INFO - Successfully connected to new_olx.db
[2020-05-01 11:11:30,187] {bash_operator.py:126} INFO - Start appending to mobkas
[2020-05-01 11:11:30,188] {bash_operator.py:126} INFO - Successfully appended data to mobkas
[2020-05-01 11:11:30,188] {bash_operator.py:126} INFO - Connection closed
[2020-05-01 11:11:30,189] {bash_operator.py:126} INFO - Appending completed
[2020-05-01 11:11:30,189] {bash_operator.py:126} INFO - Downloading html from https://www.olx.co.id/mobil-bekas_c198/q-volvo-wagon
[2020-05-01 11:11:30,190] {bash_operator.py:126} INFO - Page downloaded
[2020-05-01 11:11:30,190] {bash_operator.py:126} INFO - Start scraping from html tags...
[2020-05-01 11:11:30,191] {bash_operator.py:126} INFO - Scraping from html tags completed
[2020-05-01 11:11:30,191] {bash_operator.py:126} INFO - Successfully connected to new_olx.db
[2020-05-01 11:11:30,192] {bash_operator.py:126} INFO - Start appending to mobkas
[2020-05-01 11:11:30,192] {bash_operator.py:126} INFO - Successfully appended data to mobkas
[2020-05-01 11:11:30,192] {bash_operator.py:126} INFO - Connection closed
[2020-05-01 11:11:30,193] {bash_operator.py:126} INFO - Appending completed
[2020-05-01 11:11:30,401] {bash_operator.py:130} INFO - Command exited with return code 0
[2020-05-01 11:11:30,419] {taskinstance.py:1065} INFO - Marking task as SUCCESS.dag_id=olx_crawler, task_id=scrape_mobkas, execution_date=20200501T020000, start_date=20200501T040816, end_date=20200501T041130
[2020-05-01 11:11:38,513] {logging_mixin.py:112} INFO - [2020-05-01 11:11:38,511] {local_task_job.py:103} INFO - Task exited with return code 0
