[2020-05-01 00:39:38,353] {taskinstance.py:669} INFO - Dependencies all met for <TaskInstance: olx_crawler.scrape_mobkas 2020-04-29T18:00:00+00:00 [queued]>
[2020-05-01 00:39:38,399] {taskinstance.py:669} INFO - Dependencies all met for <TaskInstance: olx_crawler.scrape_mobkas 2020-04-29T18:00:00+00:00 [queued]>
[2020-05-01 00:39:38,400] {taskinstance.py:879} INFO - 
--------------------------------------------------------------------------------
[2020-05-01 00:39:38,400] {taskinstance.py:880} INFO - Starting attempt 1 of 4
[2020-05-01 00:39:38,400] {taskinstance.py:881} INFO - 
--------------------------------------------------------------------------------
[2020-05-01 00:39:38,590] {taskinstance.py:900} INFO - Executing <Task(BashOperator): scrape_mobkas> on 2020-04-29T18:00:00+00:00
[2020-05-01 00:39:38,597] {standard_task_runner.py:53} INFO - Started process 3271 to run task
[2020-05-01 00:39:38,895] {logging_mixin.py:112} INFO - Running %s on host %s <TaskInstance: olx_crawler.scrape_mobkas 2020-04-29T18:00:00+00:00 [running]> raspberrypi
[2020-05-01 00:39:38,942] {bash_operator.py:82} INFO - Tmp dir root location: 
 /tmp
[2020-05-01 00:39:38,945] {bash_operator.py:105} INFO - Temporary script location: /tmp/airflowtmpzhlincje/scrape_mobkasffhx9v1g
[2020-05-01 00:39:38,945] {bash_operator.py:115} INFO - Running command: cd ~/olx_crawler && python3 olx_scrape_mobkas.py
[2020-05-01 00:39:38,960] {bash_operator.py:122} INFO - Output:
[2020-05-01 00:43:03,970] {bash_operator.py:126} INFO - Downloading html from https://www.olx.co.id/mobil-bekas_c198/q-katana
[2020-05-01 00:43:03,971] {bash_operator.py:126} INFO - Page downloaded
[2020-05-01 00:43:03,972] {bash_operator.py:126} INFO - Start scraping from html tags...
[2020-05-01 00:43:03,972] {bash_operator.py:126} INFO - Scraping from html tags completed
[2020-05-01 00:43:03,973] {bash_operator.py:126} INFO - Successfully connected to new_olx.db
[2020-05-01 00:43:03,973] {bash_operator.py:126} INFO - Start appending to mobkas
[2020-05-01 00:43:03,974] {bash_operator.py:126} INFO - Successfully appended data to mobkas
[2020-05-01 00:43:03,974] {bash_operator.py:126} INFO - Connection closed
[2020-05-01 00:43:03,975] {bash_operator.py:126} INFO - Appending completed
[2020-05-01 00:43:03,975] {bash_operator.py:126} INFO - Downloading html from https://www.olx.co.id/mobil-bekas_c198/q-e30
[2020-05-01 00:43:03,976] {bash_operator.py:126} INFO - Page downloaded
[2020-05-01 00:43:03,977] {bash_operator.py:126} INFO - Start scraping from html tags...
[2020-05-01 00:43:03,977] {bash_operator.py:126} INFO - Scraping from html tags completed
[2020-05-01 00:43:03,978] {bash_operator.py:126} INFO - Successfully connected to new_olx.db
[2020-05-01 00:43:03,978] {bash_operator.py:126} INFO - Start appending to mobkas
[2020-05-01 00:43:03,978] {bash_operator.py:126} INFO - Successfully appended data to mobkas
[2020-05-01 00:43:03,979] {bash_operator.py:126} INFO - Connection closed
[2020-05-01 00:43:03,979] {bash_operator.py:126} INFO - Appending completed
[2020-05-01 00:43:03,980] {bash_operator.py:126} INFO - Downloading html from https://www.olx.co.id/mobil-bekas_c198/q-volvo-wagon
[2020-05-01 00:43:03,980] {bash_operator.py:126} INFO - Page downloaded
[2020-05-01 00:43:03,981] {bash_operator.py:126} INFO - Start scraping from html tags...
[2020-05-01 00:43:03,981] {bash_operator.py:126} INFO - Scraping from html tags completed
[2020-05-01 00:43:03,982] {bash_operator.py:126} INFO - Successfully connected to new_olx.db
[2020-05-01 00:43:03,982] {bash_operator.py:126} INFO - Start appending to mobkas
[2020-05-01 00:43:03,982] {bash_operator.py:126} INFO - Successfully appended data to mobkas
[2020-05-01 00:43:03,983] {bash_operator.py:126} INFO - Connection closed
[2020-05-01 00:43:03,983] {bash_operator.py:126} INFO - Appending completed
[2020-05-01 00:43:04,187] {bash_operator.py:130} INFO - Command exited with return code 0
[2020-05-01 00:43:04,206] {taskinstance.py:1065} INFO - Marking task as SUCCESS.dag_id=olx_crawler, task_id=scrape_mobkas, execution_date=20200429T180000, start_date=20200430T173938, end_date=20200430T174304
[2020-05-01 00:43:04,381] {logging_mixin.py:112} INFO - [2020-05-01 00:43:04,380] {local_task_job.py:103} INFO - Task exited with return code 0
