[2020-05-01 00:30:40,671] {taskinstance.py:669} INFO - Dependencies all met for <TaskInstance: olx_crawler.scrape_rumah 2020-04-29T18:00:00+00:00 [queued]>
[2020-05-01 00:30:40,709] {taskinstance.py:669} INFO - Dependencies all met for <TaskInstance: olx_crawler.scrape_rumah 2020-04-29T18:00:00+00:00 [queued]>
[2020-05-01 00:30:40,710] {taskinstance.py:879} INFO - 
--------------------------------------------------------------------------------
[2020-05-01 00:30:40,711] {taskinstance.py:880} INFO - Starting attempt 1 of 4
[2020-05-01 00:30:40,711] {taskinstance.py:881} INFO - 
--------------------------------------------------------------------------------
[2020-05-01 00:30:41,571] {taskinstance.py:900} INFO - Executing <Task(BashOperator): scrape_rumah> on 2020-04-29T18:00:00+00:00
[2020-05-01 00:30:41,578] {standard_task_runner.py:53} INFO - Started process 3150 to run task
[2020-05-01 00:30:42,537] {logging_mixin.py:112} INFO - Running %s on host %s <TaskInstance: olx_crawler.scrape_rumah 2020-04-29T18:00:00+00:00 [running]> raspberrypi
[2020-05-01 00:30:42,585] {bash_operator.py:82} INFO - Tmp dir root location: 
 /tmp
[2020-05-01 00:30:42,588] {bash_operator.py:105} INFO - Temporary script location: /tmp/airflowtmpy953znmv/scrape_rumaho62t15un
[2020-05-01 00:30:42,588] {bash_operator.py:115} INFO - Running command: cd ~/olx_crawler && python3 olx_scrape_rumah.py
[2020-05-01 00:30:42,604] {bash_operator.py:122} INFO - Output:
[2020-05-01 00:31:49,216] {bash_operator.py:126} INFO - Downloading html from https://www.olx.co.id/dijual-rumah-apartemen_c5158
[2020-05-01 00:31:49,217] {bash_operator.py:126} INFO - Page downloaded
[2020-05-01 00:31:49,218] {bash_operator.py:126} INFO - Start scraping from html tags...
[2020-05-01 00:31:49,219] {bash_operator.py:126} INFO - Scraping from html tags completed
[2020-05-01 00:31:49,219] {bash_operator.py:126} INFO - Successfully connected to new_olx.db
[2020-05-01 00:31:49,220] {bash_operator.py:126} INFO - Start appending to rumah
[2020-05-01 00:31:49,220] {bash_operator.py:126} INFO - Successfully appended data to rumah
[2020-05-01 00:31:49,221] {bash_operator.py:126} INFO - Connection closed
[2020-05-01 00:31:49,221] {bash_operator.py:126} INFO - Appending completed
[2020-05-01 00:31:49,419] {bash_operator.py:130} INFO - Command exited with return code 0
[2020-05-01 00:31:49,436] {taskinstance.py:1065} INFO - Marking task as SUCCESS.dag_id=olx_crawler, task_id=scrape_rumah, execution_date=20200429T180000, start_date=20200430T173040, end_date=20200430T173149
[2020-05-01 00:31:57,509] {logging_mixin.py:112} INFO - [2020-05-01 00:31:57,508] {local_task_job.py:103} INFO - Task exited with return code 0
