[2020-05-01 10:27:47,051] {taskinstance.py:669} INFO - Dependencies all met for <TaskInstance: olx_crawler.scrape_rumah 2020-04-30T20:00:00+00:00 [queued]>
[2020-05-01 10:27:47,087] {taskinstance.py:669} INFO - Dependencies all met for <TaskInstance: olx_crawler.scrape_rumah 2020-04-30T20:00:00+00:00 [queued]>
[2020-05-01 10:27:47,087] {taskinstance.py:879} INFO - 
--------------------------------------------------------------------------------
[2020-05-01 10:27:47,088] {taskinstance.py:880} INFO - Starting attempt 1 of 4
[2020-05-01 10:27:47,088] {taskinstance.py:881} INFO - 
--------------------------------------------------------------------------------
[2020-05-01 10:27:47,910] {taskinstance.py:900} INFO - Executing <Task(BashOperator): scrape_rumah> on 2020-04-30T20:00:00+00:00
[2020-05-01 10:27:47,922] {standard_task_runner.py:53} INFO - Started process 974 to run task
[2020-05-01 10:27:48,971] {logging_mixin.py:112} INFO - Running %s on host %s <TaskInstance: olx_crawler.scrape_rumah 2020-04-30T20:00:00+00:00 [running]> raspberrypi
[2020-05-01 10:27:49,030] {bash_operator.py:82} INFO - Tmp dir root location: 
 /tmp
[2020-05-01 10:27:49,033] {bash_operator.py:105} INFO - Temporary script location: /tmp/airflowtmpuqxzd_6f/scrape_rumahqxi5z3du
[2020-05-01 10:27:49,033] {bash_operator.py:115} INFO - Running command: cd ~/olx_crawler && python3 olx_scrape_rumah.py
[2020-05-01 10:27:49,047] {bash_operator.py:122} INFO - Output:
[2020-05-01 10:29:01,571] {bash_operator.py:126} INFO - Downloading html from https://www.olx.co.id/dijual-rumah-apartemen_c5158
[2020-05-01 10:29:01,571] {bash_operator.py:126} INFO - Page downloaded
[2020-05-01 10:29:01,572] {bash_operator.py:126} INFO - Start scraping from html tags...
[2020-05-01 10:29:01,572] {bash_operator.py:126} INFO - Scraping from html tags completed
[2020-05-01 10:29:01,572] {bash_operator.py:126} INFO - Successfully connected to new_olx.db
[2020-05-01 10:29:01,572] {bash_operator.py:126} INFO - Start appending to rumah
[2020-05-01 10:29:01,573] {bash_operator.py:126} INFO - Successfully appended data to rumah
[2020-05-01 10:29:01,573] {bash_operator.py:126} INFO - Connection closed
[2020-05-01 10:29:01,573] {bash_operator.py:126} INFO - Appending completed
[2020-05-01 10:29:01,760] {bash_operator.py:130} INFO - Command exited with return code 0
[2020-05-01 10:29:01,780] {taskinstance.py:1065} INFO - Marking task as SUCCESS.dag_id=olx_crawler, task_id=scrape_rumah, execution_date=20200430T200000, start_date=20200501T032747, end_date=20200501T032901
[2020-05-01 10:29:11,350] {logging_mixin.py:112} INFO - [2020-05-01 10:29:11,348] {local_task_job.py:103} INFO - Task exited with return code 0
