[2020-05-01 00:36:11,186] {taskinstance.py:669} INFO - Dependencies all met for <TaskInstance: olx_crawler.scrape_mobkas 2020-04-29T17:00:00+00:00 [queued]>
[2020-05-01 00:36:11,232] {taskinstance.py:669} INFO - Dependencies all met for <TaskInstance: olx_crawler.scrape_mobkas 2020-04-29T17:00:00+00:00 [queued]>
[2020-05-01 00:36:11,233] {taskinstance.py:879} INFO - 
--------------------------------------------------------------------------------
[2020-05-01 00:36:11,233] {taskinstance.py:880} INFO - Starting attempt 1 of 4
[2020-05-01 00:36:11,233] {taskinstance.py:881} INFO - 
--------------------------------------------------------------------------------
[2020-05-01 00:36:12,070] {taskinstance.py:900} INFO - Executing <Task(BashOperator): scrape_mobkas> on 2020-04-29T17:00:00+00:00
[2020-05-01 00:36:12,083] {standard_task_runner.py:53} INFO - Started process 3196 to run task
[2020-05-01 00:36:12,421] {logging_mixin.py:112} INFO - Running %s on host %s <TaskInstance: olx_crawler.scrape_mobkas 2020-04-29T17:00:00+00:00 [running]> raspberrypi
[2020-05-01 00:36:12,468] {bash_operator.py:82} INFO - Tmp dir root location: 
 /tmp
[2020-05-01 00:36:12,471] {bash_operator.py:105} INFO - Temporary script location: /tmp/airflowtmpcvv4r9x_/scrape_mobkasudgr3yz1
[2020-05-01 00:36:12,471] {bash_operator.py:115} INFO - Running command: cd ~/olx_crawler && python3 olx_scrape_mobkas.py
[2020-05-01 00:36:12,486] {bash_operator.py:122} INFO - Output:
[2020-05-01 00:39:37,164] {bash_operator.py:126} INFO - Downloading html from https://www.olx.co.id/mobil-bekas_c198/q-katana
[2020-05-01 00:39:37,165] {bash_operator.py:126} INFO - Page downloaded
[2020-05-01 00:39:37,165] {bash_operator.py:126} INFO - Start scraping from html tags...
[2020-05-01 00:39:37,166] {bash_operator.py:126} INFO - Scraping from html tags completed
[2020-05-01 00:39:37,166] {bash_operator.py:126} INFO - Successfully connected to new_olx.db
[2020-05-01 00:39:37,167] {bash_operator.py:126} INFO - Start appending to mobkas
[2020-05-01 00:39:37,167] {bash_operator.py:126} INFO - Successfully appended data to mobkas
[2020-05-01 00:39:37,167] {bash_operator.py:126} INFO - Connection closed
[2020-05-01 00:39:37,168] {bash_operator.py:126} INFO - Appending completed
[2020-05-01 00:39:37,168] {bash_operator.py:126} INFO - Downloading html from https://www.olx.co.id/mobil-bekas_c198/q-e30
[2020-05-01 00:39:37,168] {bash_operator.py:126} INFO - Page downloaded
[2020-05-01 00:39:37,169] {bash_operator.py:126} INFO - Start scraping from html tags...
[2020-05-01 00:39:37,169] {bash_operator.py:126} INFO - Scraping from html tags completed
[2020-05-01 00:39:37,169] {bash_operator.py:126} INFO - Successfully connected to new_olx.db
[2020-05-01 00:39:37,170] {bash_operator.py:126} INFO - Start appending to mobkas
[2020-05-01 00:39:37,170] {bash_operator.py:126} INFO - Successfully appended data to mobkas
[2020-05-01 00:39:37,170] {bash_operator.py:126} INFO - Connection closed
[2020-05-01 00:39:37,170] {bash_operator.py:126} INFO - Appending completed
[2020-05-01 00:39:37,171] {bash_operator.py:126} INFO - Downloading html from https://www.olx.co.id/mobil-bekas_c198/q-volvo-wagon
[2020-05-01 00:39:37,171] {bash_operator.py:126} INFO - Page downloaded
[2020-05-01 00:39:37,171] {bash_operator.py:126} INFO - Start scraping from html tags...
[2020-05-01 00:39:37,172] {bash_operator.py:126} INFO - Scraping from html tags completed
[2020-05-01 00:39:37,172] {bash_operator.py:126} INFO - Successfully connected to new_olx.db
[2020-05-01 00:39:37,172] {bash_operator.py:126} INFO - Start appending to mobkas
[2020-05-01 00:39:37,173] {bash_operator.py:126} INFO - Successfully appended data to mobkas
[2020-05-01 00:39:37,173] {bash_operator.py:126} INFO - Connection closed
[2020-05-01 00:39:37,173] {bash_operator.py:126} INFO - Appending completed
[2020-05-01 00:39:37,380] {bash_operator.py:130} INFO - Command exited with return code 0
[2020-05-01 00:39:37,402] {taskinstance.py:1065} INFO - Marking task as SUCCESS.dag_id=olx_crawler, task_id=scrape_mobkas, execution_date=20200429T170000, start_date=20200430T173611, end_date=20200430T173937
