[2020-05-01 10:54:31,156] {taskinstance.py:669} INFO - Dependencies all met for <TaskInstance: olx_crawler.scrape_mobkas 2020-04-30T23:00:00+00:00 [queued]>
[2020-05-01 10:54:31,202] {taskinstance.py:669} INFO - Dependencies all met for <TaskInstance: olx_crawler.scrape_mobkas 2020-04-30T23:00:00+00:00 [queued]>
[2020-05-01 10:54:31,203] {taskinstance.py:879} INFO - 
--------------------------------------------------------------------------------
[2020-05-01 10:54:31,203] {taskinstance.py:880} INFO - Starting attempt 1 of 4
[2020-05-01 10:54:31,203] {taskinstance.py:881} INFO - 
--------------------------------------------------------------------------------
[2020-05-01 10:54:31,403] {taskinstance.py:900} INFO - Executing <Task(BashOperator): scrape_mobkas> on 2020-04-30T23:00:00+00:00
[2020-05-01 10:54:31,410] {standard_task_runner.py:53} INFO - Started process 1227 to run task
[2020-05-01 10:54:33,129] {logging_mixin.py:112} INFO - Running %s on host %s <TaskInstance: olx_crawler.scrape_mobkas 2020-04-30T23:00:00+00:00 [running]> raspberrypi
[2020-05-01 10:54:33,175] {bash_operator.py:82} INFO - Tmp dir root location: 
 /tmp
[2020-05-01 10:54:33,178] {bash_operator.py:105} INFO - Temporary script location: /tmp/airflowtmpuo65znnl/scrape_mobkastvkkhw_e
[2020-05-01 10:54:33,178] {bash_operator.py:115} INFO - Running command: cd ~/olx_crawler && python3 olx_scrape_mobkas.py
[2020-05-01 10:54:33,193] {bash_operator.py:122} INFO - Output:
[2020-05-01 10:57:56,304] {bash_operator.py:126} INFO - Downloading html from https://www.olx.co.id/mobil-bekas_c198/q-katana
[2020-05-01 10:57:56,305] {bash_operator.py:126} INFO - Page downloaded
[2020-05-01 10:57:56,306] {bash_operator.py:126} INFO - Start scraping from html tags...
[2020-05-01 10:57:56,306] {bash_operator.py:126} INFO - Scraping from html tags completed
[2020-05-01 10:57:56,307] {bash_operator.py:126} INFO - Successfully connected to new_olx.db
[2020-05-01 10:57:56,307] {bash_operator.py:126} INFO - Start appending to mobkas
[2020-05-01 10:57:56,308] {bash_operator.py:126} INFO - Successfully appended data to mobkas
[2020-05-01 10:57:56,308] {bash_operator.py:126} INFO - Connection closed
[2020-05-01 10:57:56,308] {bash_operator.py:126} INFO - Appending completed
[2020-05-01 10:57:56,309] {bash_operator.py:126} INFO - Downloading html from https://www.olx.co.id/mobil-bekas_c198/q-e30
[2020-05-01 10:57:56,309] {bash_operator.py:126} INFO - Page downloaded
[2020-05-01 10:57:56,310] {bash_operator.py:126} INFO - Start scraping from html tags...
[2020-05-01 10:57:56,311] {bash_operator.py:126} INFO - Scraping from html tags completed
[2020-05-01 10:57:56,311] {bash_operator.py:126} INFO - Successfully connected to new_olx.db
[2020-05-01 10:57:56,312] {bash_operator.py:126} INFO - Start appending to mobkas
[2020-05-01 10:57:56,312] {bash_operator.py:126} INFO - Successfully appended data to mobkas
[2020-05-01 10:57:56,313] {bash_operator.py:126} INFO - Connection closed
[2020-05-01 10:57:56,313] {bash_operator.py:126} INFO - Appending completed
[2020-05-01 10:57:56,313] {bash_operator.py:126} INFO - Downloading html from https://www.olx.co.id/mobil-bekas_c198/q-volvo-wagon
[2020-05-01 10:57:56,314] {bash_operator.py:126} INFO - Page downloaded
[2020-05-01 10:57:56,314] {bash_operator.py:126} INFO - Start scraping from html tags...
[2020-05-01 10:57:56,315] {bash_operator.py:126} INFO - Scraping from html tags completed
[2020-05-01 10:57:56,315] {bash_operator.py:126} INFO - Successfully connected to new_olx.db
[2020-05-01 10:57:56,316] {bash_operator.py:126} INFO - Start appending to mobkas
[2020-05-01 10:57:56,316] {bash_operator.py:126} INFO - Successfully appended data to mobkas
[2020-05-01 10:57:56,317] {bash_operator.py:126} INFO - Connection closed
[2020-05-01 10:57:56,317] {bash_operator.py:126} INFO - Appending completed
[2020-05-01 10:57:56,527] {bash_operator.py:130} INFO - Command exited with return code 0
[2020-05-01 10:57:56,545] {taskinstance.py:1065} INFO - Marking task as SUCCESS.dag_id=olx_crawler, task_id=scrape_mobkas, execution_date=20200430T230000, start_date=20200501T035431, end_date=20200501T035756
[2020-05-01 10:57:58,488] {logging_mixin.py:112} INFO - [2020-05-01 10:57:58,487] {local_task_job.py:103} INFO - Task exited with return code 0
