[2020-05-01 11:06:47,331] {taskinstance.py:669} INFO - Dependencies all met for <TaskInstance: olx_crawler.scrape_rumah 2020-05-01T03:00:00+00:00 [queued]>
[2020-05-01 11:06:47,377] {taskinstance.py:669} INFO - Dependencies all met for <TaskInstance: olx_crawler.scrape_rumah 2020-05-01T03:00:00+00:00 [queued]>
[2020-05-01 11:06:47,378] {taskinstance.py:879} INFO - 
--------------------------------------------------------------------------------
[2020-05-01 11:06:47,378] {taskinstance.py:880} INFO - Starting attempt 1 of 4
[2020-05-01 11:06:47,378] {taskinstance.py:881} INFO - 
--------------------------------------------------------------------------------
[2020-05-01 11:06:48,198] {taskinstance.py:900} INFO - Executing <Task(BashOperator): scrape_rumah> on 2020-05-01T03:00:00+00:00
[2020-05-01 11:06:48,211] {standard_task_runner.py:53} INFO - Started process 1390 to run task
[2020-05-01 11:06:49,209] {logging_mixin.py:112} INFO - Running %s on host %s <TaskInstance: olx_crawler.scrape_rumah 2020-05-01T03:00:00+00:00 [running]> raspberrypi
[2020-05-01 11:06:49,256] {bash_operator.py:82} INFO - Tmp dir root location: 
 /tmp
[2020-05-01 11:06:49,259] {bash_operator.py:105} INFO - Temporary script location: /tmp/airflowtmpmzcspdw8/scrape_rumahkkusljus
[2020-05-01 11:06:49,259] {bash_operator.py:115} INFO - Running command: cd ~/olx_crawler && python3 olx_scrape_rumah.py
[2020-05-01 11:06:49,274] {bash_operator.py:122} INFO - Output:
[2020-05-01 11:08:02,572] {bash_operator.py:126} INFO - Downloading html from https://www.olx.co.id/dijual-rumah-apartemen_c5158
[2020-05-01 11:08:02,573] {bash_operator.py:126} INFO - Page downloaded
[2020-05-01 11:08:02,574] {bash_operator.py:126} INFO - Start scraping from html tags...
[2020-05-01 11:08:02,574] {bash_operator.py:126} INFO - Scraping from html tags completed
[2020-05-01 11:08:02,575] {bash_operator.py:126} INFO - Successfully connected to new_olx.db
[2020-05-01 11:08:02,575] {bash_operator.py:126} INFO - Start appending to rumah
[2020-05-01 11:08:02,576] {bash_operator.py:126} INFO - Successfully appended data to rumah
[2020-05-01 11:08:02,576] {bash_operator.py:126} INFO - Connection closed
[2020-05-01 11:08:02,576] {bash_operator.py:126} INFO - Appending completed
[2020-05-01 11:08:02,754] {bash_operator.py:130} INFO - Command exited with return code 0
[2020-05-01 11:08:02,771] {taskinstance.py:1065} INFO - Marking task as SUCCESS.dag_id=olx_crawler, task_id=scrape_rumah, execution_date=20200501T030000, start_date=20200501T040647, end_date=20200501T040802
[2020-05-01 11:08:06,392] {logging_mixin.py:112} INFO - [2020-05-01 11:08:06,390] {local_task_job.py:103} INFO - Task exited with return code 0
