[2020-05-01 11:11:55,133] {taskinstance.py:669} INFO - Dependencies all met for <TaskInstance: olx_crawler.scrape_mobkas 2020-05-01T03:00:00+00:00 [queued]>
[2020-05-01 11:11:55,180] {taskinstance.py:669} INFO - Dependencies all met for <TaskInstance: olx_crawler.scrape_mobkas 2020-05-01T03:00:00+00:00 [queued]>
[2020-05-01 11:11:55,181] {taskinstance.py:879} INFO - 
--------------------------------------------------------------------------------
[2020-05-01 11:11:55,181] {taskinstance.py:880} INFO - Starting attempt 1 of 4
[2020-05-01 11:11:55,181] {taskinstance.py:881} INFO - 
--------------------------------------------------------------------------------
[2020-05-01 11:11:55,360] {taskinstance.py:900} INFO - Executing <Task(BashOperator): scrape_mobkas> on 2020-05-01T03:00:00+00:00
[2020-05-01 11:11:55,367] {standard_task_runner.py:53} INFO - Started process 1423 to run task
[2020-05-01 11:11:55,653] {logging_mixin.py:112} INFO - Running %s on host %s <TaskInstance: olx_crawler.scrape_mobkas 2020-05-01T03:00:00+00:00 [running]> raspberrypi
[2020-05-01 11:11:55,700] {bash_operator.py:82} INFO - Tmp dir root location: 
 /tmp
[2020-05-01 11:11:55,702] {bash_operator.py:105} INFO - Temporary script location: /tmp/airflowtmp5_audmq8/scrape_mobkasycepovts
[2020-05-01 11:11:55,702] {bash_operator.py:115} INFO - Running command: cd ~/olx_crawler && python3 olx_scrape_mobkas.py
[2020-05-01 11:11:55,717] {bash_operator.py:122} INFO - Output:
[2020-05-01 11:15:17,141] {bash_operator.py:126} INFO - Downloading html from https://www.olx.co.id/mobil-bekas_c198/q-katana
[2020-05-01 11:15:17,142] {bash_operator.py:126} INFO - Page downloaded
[2020-05-01 11:15:17,168] {bash_operator.py:126} INFO - Start scraping from html tags...
[2020-05-01 11:15:17,169] {bash_operator.py:126} INFO - Scraping from html tags completed
[2020-05-01 11:15:17,169] {bash_operator.py:126} INFO - Successfully connected to new_olx.db
[2020-05-01 11:15:17,170] {bash_operator.py:126} INFO - Start appending to mobkas
[2020-05-01 11:15:17,171] {bash_operator.py:126} INFO - Successfully appended data to mobkas
[2020-05-01 11:15:17,171] {bash_operator.py:126} INFO - Connection closed
[2020-05-01 11:15:17,171] {bash_operator.py:126} INFO - Appending completed
[2020-05-01 11:15:17,172] {bash_operator.py:126} INFO - Downloading html from https://www.olx.co.id/mobil-bekas_c198/q-e30
[2020-05-01 11:15:17,172] {bash_operator.py:126} INFO - Page downloaded
[2020-05-01 11:15:17,173] {bash_operator.py:126} INFO - Start scraping from html tags...
[2020-05-01 11:15:17,173] {bash_operator.py:126} INFO - Scraping from html tags completed
[2020-05-01 11:15:17,173] {bash_operator.py:126} INFO - Successfully connected to new_olx.db
[2020-05-01 11:15:17,174] {bash_operator.py:126} INFO - Start appending to mobkas
[2020-05-01 11:15:17,174] {bash_operator.py:126} INFO - Successfully appended data to mobkas
[2020-05-01 11:15:17,175] {bash_operator.py:126} INFO - Connection closed
[2020-05-01 11:15:17,175] {bash_operator.py:126} INFO - Appending completed
[2020-05-01 11:15:17,176] {bash_operator.py:126} INFO - Downloading html from https://www.olx.co.id/mobil-bekas_c198/q-volvo-wagon
[2020-05-01 11:15:17,176] {bash_operator.py:126} INFO - Page downloaded
[2020-05-01 11:15:17,176] {bash_operator.py:126} INFO - Start scraping from html tags...
[2020-05-01 11:15:17,177] {bash_operator.py:126} INFO - Scraping from html tags completed
[2020-05-01 11:15:17,177] {bash_operator.py:126} INFO - Successfully connected to new_olx.db
[2020-05-01 11:15:17,178] {bash_operator.py:126} INFO - Start appending to mobkas
[2020-05-01 11:15:17,178] {bash_operator.py:126} INFO - Successfully appended data to mobkas
[2020-05-01 11:15:17,178] {bash_operator.py:126} INFO - Connection closed
[2020-05-01 11:15:17,179] {bash_operator.py:126} INFO - Appending completed
[2020-05-01 11:15:17,364] {bash_operator.py:130} INFO - Command exited with return code 0
[2020-05-01 11:15:17,382] {taskinstance.py:1065} INFO - Marking task as SUCCESS.dag_id=olx_crawler, task_id=scrape_mobkas, execution_date=20200501T030000, start_date=20200501T041155, end_date=20200501T041517
[2020-05-01 11:15:27,444] {logging_mixin.py:112} INFO - [2020-05-01 11:15:27,442] {local_task_job.py:103} INFO - Task exited with return code 0
