[2020-05-01 11:03:03,964] {taskinstance.py:669} INFO - Dependencies all met for <TaskInstance: olx_crawler.scrape_mobkas 2020-05-01T01:00:00+00:00 [queued]>
[2020-05-01 11:03:04,010] {taskinstance.py:669} INFO - Dependencies all met for <TaskInstance: olx_crawler.scrape_mobkas 2020-05-01T01:00:00+00:00 [queued]>
[2020-05-01 11:03:04,011] {taskinstance.py:879} INFO - 
--------------------------------------------------------------------------------
[2020-05-01 11:03:04,011] {taskinstance.py:880} INFO - Starting attempt 1 of 4
[2020-05-01 11:03:04,011] {taskinstance.py:881} INFO - 
--------------------------------------------------------------------------------
[2020-05-01 11:03:04,190] {taskinstance.py:900} INFO - Executing <Task(BashOperator): scrape_mobkas> on 2020-05-01T01:00:00+00:00
[2020-05-01 11:03:04,197] {standard_task_runner.py:53} INFO - Started process 1337 to run task
[2020-05-01 11:03:04,476] {logging_mixin.py:112} INFO - Running %s on host %s <TaskInstance: olx_crawler.scrape_mobkas 2020-05-01T01:00:00+00:00 [running]> raspberrypi
[2020-05-01 11:03:04,523] {bash_operator.py:82} INFO - Tmp dir root location: 
 /tmp
[2020-05-01 11:03:04,525] {bash_operator.py:105} INFO - Temporary script location: /tmp/airflowtmp6zf_b5t_/scrape_mobkask7u5qn4w
[2020-05-01 11:03:04,526] {bash_operator.py:115} INFO - Running command: cd ~/olx_crawler && python3 olx_scrape_mobkas.py
[2020-05-01 11:03:04,541] {bash_operator.py:122} INFO - Output:
[2020-05-01 11:06:27,241] {bash_operator.py:126} INFO - Downloading html from https://www.olx.co.id/mobil-bekas_c198/q-katana
[2020-05-01 11:06:27,242] {bash_operator.py:126} INFO - Page downloaded
[2020-05-01 11:06:27,243] {bash_operator.py:126} INFO - Start scraping from html tags...
[2020-05-01 11:06:27,243] {bash_operator.py:126} INFO - Scraping from html tags completed
[2020-05-01 11:06:27,244] {bash_operator.py:126} INFO - Successfully connected to new_olx.db
[2020-05-01 11:06:27,244] {bash_operator.py:126} INFO - Start appending to mobkas
[2020-05-01 11:06:27,245] {bash_operator.py:126} INFO - Successfully appended data to mobkas
[2020-05-01 11:06:27,245] {bash_operator.py:126} INFO - Connection closed
[2020-05-01 11:06:27,246] {bash_operator.py:126} INFO - Appending completed
[2020-05-01 11:06:27,246] {bash_operator.py:126} INFO - Downloading html from https://www.olx.co.id/mobil-bekas_c198/q-e30
[2020-05-01 11:06:27,247] {bash_operator.py:126} INFO - Page downloaded
[2020-05-01 11:06:27,247] {bash_operator.py:126} INFO - Start scraping from html tags...
[2020-05-01 11:06:27,248] {bash_operator.py:126} INFO - Scraping from html tags completed
[2020-05-01 11:06:27,248] {bash_operator.py:126} INFO - Successfully connected to new_olx.db
[2020-05-01 11:06:27,248] {bash_operator.py:126} INFO - Start appending to mobkas
[2020-05-01 11:06:27,249] {bash_operator.py:126} INFO - Successfully appended data to mobkas
[2020-05-01 11:06:27,249] {bash_operator.py:126} INFO - Connection closed
[2020-05-01 11:06:27,250] {bash_operator.py:126} INFO - Appending completed
[2020-05-01 11:06:27,250] {bash_operator.py:126} INFO - Downloading html from https://www.olx.co.id/mobil-bekas_c198/q-volvo-wagon
[2020-05-01 11:06:27,251] {bash_operator.py:126} INFO - Page downloaded
[2020-05-01 11:06:27,251] {bash_operator.py:126} INFO - Start scraping from html tags...
[2020-05-01 11:06:27,252] {bash_operator.py:126} INFO - Scraping from html tags completed
[2020-05-01 11:06:27,252] {bash_operator.py:126} INFO - Successfully connected to new_olx.db
[2020-05-01 11:06:27,253] {bash_operator.py:126} INFO - Start appending to mobkas
[2020-05-01 11:06:27,253] {bash_operator.py:126} INFO - Successfully appended data to mobkas
[2020-05-01 11:06:27,254] {bash_operator.py:126} INFO - Connection closed
[2020-05-01 11:06:27,254] {bash_operator.py:126} INFO - Appending completed
[2020-05-01 11:06:27,468] {bash_operator.py:130} INFO - Command exited with return code 0
[2020-05-01 11:06:27,486] {taskinstance.py:1065} INFO - Marking task as SUCCESS.dag_id=olx_crawler, task_id=scrape_mobkas, execution_date=20200501T010000, start_date=20200501T040303, end_date=20200501T040627
[2020-05-01 11:06:35,584] {logging_mixin.py:112} INFO - [2020-05-01 11:06:35,583] {local_task_job.py:103} INFO - Task exited with return code 0
