[2020-05-01 01:07:05,403] {taskinstance.py:669} INFO - Dependencies all met for <TaskInstance: olx_crawler.scrape_mobkas 2020-04-30T17:00:00+00:00 [queued]>
[2020-05-01 01:07:05,466] {taskinstance.py:669} INFO - Dependencies all met for <TaskInstance: olx_crawler.scrape_mobkas 2020-04-30T17:00:00+00:00 [queued]>
[2020-05-01 01:07:05,467] {taskinstance.py:879} INFO - 
--------------------------------------------------------------------------------
[2020-05-01 01:07:05,467] {taskinstance.py:880} INFO - Starting attempt 2 of 4
[2020-05-01 01:07:05,467] {taskinstance.py:881} INFO - 
--------------------------------------------------------------------------------
[2020-05-01 01:07:06,308] {taskinstance.py:900} INFO - Executing <Task(BashOperator): scrape_mobkas> on 2020-04-30T17:00:00+00:00
[2020-05-01 01:07:06,320] {standard_task_runner.py:53} INFO - Started process 3831 to run task
[2020-05-01 01:07:07,317] {logging_mixin.py:112} INFO - Running %s on host %s <TaskInstance: olx_crawler.scrape_mobkas 2020-04-30T17:00:00+00:00 [running]> raspberrypi
[2020-05-01 01:07:07,364] {bash_operator.py:82} INFO - Tmp dir root location: 
 /tmp
[2020-05-01 01:07:07,366] {bash_operator.py:105} INFO - Temporary script location: /tmp/airflowtmp8altyqh3/scrape_mobkasqjenql7v
[2020-05-01 01:07:07,367] {bash_operator.py:115} INFO - Running command: cd ~/olx_crawler && python3 olx_scrape_mobkas.py
[2020-05-01 01:07:07,381] {bash_operator.py:122} INFO - Output:
[2020-05-01 01:10:54,070] {bash_operator.py:126} INFO - Downloading html from https://www.olx.co.id/mobil-bekas_c198/q-katana
[2020-05-01 01:10:54,071] {bash_operator.py:126} INFO - Page downloaded
[2020-05-01 01:10:54,071] {bash_operator.py:126} INFO - Start scraping from html tags...
[2020-05-01 01:10:54,071] {bash_operator.py:126} INFO - Scraping from html tags completed
[2020-05-01 01:10:54,072] {bash_operator.py:126} INFO - Successfully connected to new_olx.db
[2020-05-01 01:10:54,072] {bash_operator.py:126} INFO - Start appending to mobkas
[2020-05-01 01:10:54,073] {bash_operator.py:126} INFO - Successfully appended data to mobkas
[2020-05-01 01:10:54,073] {bash_operator.py:126} INFO - Connection closed
[2020-05-01 01:10:54,074] {bash_operator.py:126} INFO - Appending completed
[2020-05-01 01:10:54,074] {bash_operator.py:126} INFO - Downloading html from https://www.olx.co.id/mobil-bekas_c198/q-e30
[2020-05-01 01:10:54,074] {bash_operator.py:126} INFO - Page downloaded
[2020-05-01 01:10:54,075] {bash_operator.py:126} INFO - Start scraping from html tags...
[2020-05-01 01:10:54,075] {bash_operator.py:126} INFO - Scraping from html tags completed
[2020-05-01 01:10:54,076] {bash_operator.py:126} INFO - Successfully connected to new_olx.db
[2020-05-01 01:10:54,076] {bash_operator.py:126} INFO - Start appending to mobkas
[2020-05-01 01:10:54,077] {bash_operator.py:126} INFO - Successfully appended data to mobkas
[2020-05-01 01:10:54,077] {bash_operator.py:126} INFO - Connection closed
[2020-05-01 01:10:54,078] {bash_operator.py:126} INFO - Appending completed
[2020-05-01 01:10:54,078] {bash_operator.py:126} INFO - Downloading html from https://www.olx.co.id/mobil-bekas_c198/q-volvo-wagon
[2020-05-01 01:10:54,079] {bash_operator.py:126} INFO - Page downloaded
[2020-05-01 01:10:54,079] {bash_operator.py:126} INFO - Start scraping from html tags...
[2020-05-01 01:10:54,080] {bash_operator.py:126} INFO - Scraping from html tags completed
[2020-05-01 01:10:54,080] {bash_operator.py:126} INFO - Successfully connected to new_olx.db
[2020-05-01 01:10:54,081] {bash_operator.py:126} INFO - Start appending to mobkas
[2020-05-01 01:10:54,081] {bash_operator.py:126} INFO - Successfully appended data to mobkas
[2020-05-01 01:10:54,082] {bash_operator.py:126} INFO - Connection closed
[2020-05-01 01:10:54,082] {bash_operator.py:126} INFO - Appending completed
[2020-05-01 01:10:54,287] {bash_operator.py:130} INFO - Command exited with return code 0
[2020-05-01 01:10:54,305] {taskinstance.py:1065} INFO - Marking task as SUCCESS.dag_id=olx_crawler, task_id=scrape_mobkas, execution_date=20200430T170000, start_date=20200430T180705, end_date=20200430T181054
