[2020-05-01 00:34:50,769] {taskinstance.py:669} INFO - Dependencies all met for <TaskInstance: olx_crawler.scrape_rumah 2020-04-29T21:00:00+00:00 [queued]>
[2020-05-01 00:34:50,801] {taskinstance.py:669} INFO - Dependencies all met for <TaskInstance: olx_crawler.scrape_rumah 2020-04-29T21:00:00+00:00 [queued]>
[2020-05-01 00:34:50,802] {taskinstance.py:879} INFO - 
--------------------------------------------------------------------------------
[2020-05-01 00:34:50,802] {taskinstance.py:880} INFO - Starting attempt 1 of 4
[2020-05-01 00:34:50,802] {taskinstance.py:881} INFO - 
--------------------------------------------------------------------------------
[2020-05-01 00:34:50,989] {taskinstance.py:900} INFO - Executing <Task(BashOperator): scrape_rumah> on 2020-04-29T21:00:00+00:00
[2020-05-01 00:34:50,996] {standard_task_runner.py:53} INFO - Started process 3185 to run task
[2020-05-01 00:34:51,967] {logging_mixin.py:112} INFO - Running %s on host %s <TaskInstance: olx_crawler.scrape_rumah 2020-04-29T21:00:00+00:00 [running]> raspberrypi
[2020-05-01 00:34:52,014] {bash_operator.py:82} INFO - Tmp dir root location: 
 /tmp
[2020-05-01 00:34:52,016] {bash_operator.py:105} INFO - Temporary script location: /tmp/airflowtmp6cl8l6p_/scrape_rumahu6acr7ke
[2020-05-01 00:34:52,016] {bash_operator.py:115} INFO - Running command: cd ~/olx_crawler && python3 olx_scrape_rumah.py
[2020-05-01 00:34:52,031] {bash_operator.py:122} INFO - Output:
[2020-05-01 00:35:56,709] {bash_operator.py:126} INFO - Downloading html from https://www.olx.co.id/dijual-rumah-apartemen_c5158
[2020-05-01 00:35:56,710] {bash_operator.py:126} INFO - Page downloaded
[2020-05-01 00:35:56,710] {bash_operator.py:126} INFO - Start scraping from html tags...
[2020-05-01 00:35:56,711] {bash_operator.py:126} INFO - Scraping from html tags completed
[2020-05-01 00:35:56,711] {bash_operator.py:126} INFO - Successfully connected to new_olx.db
[2020-05-01 00:35:56,712] {bash_operator.py:126} INFO - Start appending to rumah
[2020-05-01 00:35:56,712] {bash_operator.py:126} INFO - Successfully appended data to rumah
[2020-05-01 00:35:56,712] {bash_operator.py:126} INFO - Connection closed
[2020-05-01 00:35:56,713] {bash_operator.py:126} INFO - Appending completed
[2020-05-01 00:35:56,922] {bash_operator.py:130} INFO - Command exited with return code 0
[2020-05-01 00:35:57,248] {taskinstance.py:1065} INFO - Marking task as SUCCESS.dag_id=olx_crawler, task_id=scrape_rumah, execution_date=20200429T210000, start_date=20200430T173450, end_date=20200430T173557
[2020-05-01 00:36:04,830] {logging_mixin.py:112} INFO - [2020-05-01 00:36:04,829] {local_task_job.py:103} INFO - Task exited with return code 0
