[2020-05-01 10:41:14,581] {taskinstance.py:669} INFO - Dependencies all met for <TaskInstance: olx_crawler.scrape_mobkas 2020-04-30T20:00:00+00:00 [queued]>
[2020-05-01 10:41:14,638] {taskinstance.py:669} INFO - Dependencies all met for <TaskInstance: olx_crawler.scrape_mobkas 2020-04-30T20:00:00+00:00 [queued]>
[2020-05-01 10:41:14,639] {taskinstance.py:879} INFO - 
--------------------------------------------------------------------------------
[2020-05-01 10:41:14,639] {taskinstance.py:880} INFO - Starting attempt 1 of 4
[2020-05-01 10:41:14,639] {taskinstance.py:881} INFO - 
--------------------------------------------------------------------------------
[2020-05-01 10:41:15,460] {taskinstance.py:900} INFO - Executing <Task(BashOperator): scrape_mobkas> on 2020-04-30T20:00:00+00:00
[2020-05-01 10:41:15,473] {standard_task_runner.py:53} INFO - Started process 1096 to run task
[2020-05-01 10:41:16,512] {logging_mixin.py:112} INFO - Running %s on host %s <TaskInstance: olx_crawler.scrape_mobkas 2020-04-30T20:00:00+00:00 [running]> raspberrypi
[2020-05-01 10:41:16,559] {bash_operator.py:82} INFO - Tmp dir root location: 
 /tmp
[2020-05-01 10:41:16,561] {bash_operator.py:105} INFO - Temporary script location: /tmp/airflowtmp_3lpcpv9/scrape_mobkasncz1cxr3
[2020-05-01 10:41:16,562] {bash_operator.py:115} INFO - Running command: cd ~/olx_crawler && python3 olx_scrape_mobkas.py
[2020-05-01 10:41:16,576] {bash_operator.py:122} INFO - Output:
[2020-05-01 10:44:31,453] {bash_operator.py:126} INFO - Downloading html from https://www.olx.co.id/mobil-bekas_c198/q-katana
[2020-05-01 10:44:31,479] {bash_operator.py:126} INFO - Page downloaded
[2020-05-01 10:44:31,480] {bash_operator.py:126} INFO - Start scraping from html tags...
[2020-05-01 10:44:31,480] {bash_operator.py:126} INFO - Scraping from html tags completed
[2020-05-01 10:44:31,481] {bash_operator.py:126} INFO - Successfully connected to new_olx.db
[2020-05-01 10:44:31,481] {bash_operator.py:126} INFO - Start appending to mobkas
[2020-05-01 10:44:31,482] {bash_operator.py:126} INFO - Successfully appended data to mobkas
[2020-05-01 10:44:31,482] {bash_operator.py:126} INFO - Connection closed
[2020-05-01 10:44:31,483] {bash_operator.py:126} INFO - Appending completed
[2020-05-01 10:44:31,483] {bash_operator.py:126} INFO - Downloading html from https://www.olx.co.id/mobil-bekas_c198/q-e30
[2020-05-01 10:44:31,484] {bash_operator.py:126} INFO - Page downloaded
[2020-05-01 10:44:31,484] {bash_operator.py:126} INFO - Start scraping from html tags...
[2020-05-01 10:44:31,484] {bash_operator.py:126} INFO - Scraping from html tags completed
[2020-05-01 10:44:31,485] {bash_operator.py:126} INFO - Successfully connected to new_olx.db
[2020-05-01 10:44:31,485] {bash_operator.py:126} INFO - Start appending to mobkas
[2020-05-01 10:44:31,486] {bash_operator.py:126} INFO - Successfully appended data to mobkas
[2020-05-01 10:44:31,486] {bash_operator.py:126} INFO - Connection closed
[2020-05-01 10:44:31,487] {bash_operator.py:126} INFO - Appending completed
[2020-05-01 10:44:31,487] {bash_operator.py:126} INFO - Downloading html from https://www.olx.co.id/mobil-bekas_c198/q-volvo-wagon
[2020-05-01 10:44:31,487] {bash_operator.py:126} INFO - Page downloaded
[2020-05-01 10:44:31,488] {bash_operator.py:126} INFO - Start scraping from html tags...
[2020-05-01 10:44:31,488] {bash_operator.py:126} INFO - Scraping from html tags completed
[2020-05-01 10:44:31,489] {bash_operator.py:126} INFO - Successfully connected to new_olx.db
[2020-05-01 10:44:31,489] {bash_operator.py:126} INFO - Start appending to mobkas
[2020-05-01 10:44:31,490] {bash_operator.py:126} INFO - Successfully appended data to mobkas
[2020-05-01 10:44:31,490] {bash_operator.py:126} INFO - Connection closed
[2020-05-01 10:44:31,490] {bash_operator.py:126} INFO - Appending completed
[2020-05-01 10:44:31,678] {bash_operator.py:130} INFO - Command exited with return code 0
[2020-05-01 10:44:32,333] {taskinstance.py:1065} INFO - Marking task as SUCCESS.dag_id=olx_crawler, task_id=scrape_mobkas, execution_date=20200430T200000, start_date=20200501T034114, end_date=20200501T034432
[2020-05-01 10:44:37,240] {logging_mixin.py:112} INFO - [2020-05-01 10:44:37,239] {local_task_job.py:103} INFO - Task exited with return code 0
