[2020-05-01 00:53:57,697] {taskinstance.py:669} INFO - Dependencies all met for <TaskInstance: olx_crawler.scrape_mobkas 2020-04-29T22:00:00+00:00 [queued]>
[2020-05-01 00:53:57,743] {taskinstance.py:669} INFO - Dependencies all met for <TaskInstance: olx_crawler.scrape_mobkas 2020-04-29T22:00:00+00:00 [queued]>
[2020-05-01 00:53:57,743] {taskinstance.py:879} INFO - 
--------------------------------------------------------------------------------
[2020-05-01 00:53:57,744] {taskinstance.py:880} INFO - Starting attempt 1 of 4
[2020-05-01 00:53:57,744] {taskinstance.py:881} INFO - 
--------------------------------------------------------------------------------
[2020-05-01 00:53:57,810] {taskinstance.py:900} INFO - Executing <Task(BashOperator): scrape_mobkas> on 2020-04-29T22:00:00+00:00
[2020-05-01 00:53:57,817] {standard_task_runner.py:53} INFO - Started process 3424 to run task
[2020-05-01 00:53:58,022] {logging_mixin.py:112} INFO - Running %s on host %s <TaskInstance: olx_crawler.scrape_mobkas 2020-04-29T22:00:00+00:00 [running]> raspberrypi
[2020-05-01 00:53:58,069] {bash_operator.py:82} INFO - Tmp dir root location: 
 /tmp
[2020-05-01 00:53:58,071] {bash_operator.py:105} INFO - Temporary script location: /tmp/airflowtmpmkiykaz4/scrape_mobkas7y355q9c
[2020-05-01 00:53:58,072] {bash_operator.py:115} INFO - Running command: cd ~/olx_crawler && python3 olx_scrape_mobkas.py
[2020-05-01 00:53:58,087] {bash_operator.py:122} INFO - Output:
[2020-05-01 00:57:26,369] {bash_operator.py:126} INFO - Downloading html from https://www.olx.co.id/mobil-bekas_c198/q-katana
[2020-05-01 00:57:26,370] {bash_operator.py:126} INFO - Page downloaded
[2020-05-01 00:57:26,371] {bash_operator.py:126} INFO - Start scraping from html tags...
[2020-05-01 00:57:26,371] {bash_operator.py:126} INFO - Scraping from html tags completed
[2020-05-01 00:57:26,372] {bash_operator.py:126} INFO - Successfully connected to new_olx.db
[2020-05-01 00:57:26,372] {bash_operator.py:126} INFO - Start appending to mobkas
[2020-05-01 00:57:26,372] {bash_operator.py:126} INFO - Successfully appended data to mobkas
[2020-05-01 00:57:26,373] {bash_operator.py:126} INFO - Connection closed
[2020-05-01 00:57:26,373] {bash_operator.py:126} INFO - Appending completed
[2020-05-01 00:57:26,374] {bash_operator.py:126} INFO - Downloading html from https://www.olx.co.id/mobil-bekas_c198/q-e30
[2020-05-01 00:57:26,374] {bash_operator.py:126} INFO - Page downloaded
[2020-05-01 00:57:26,375] {bash_operator.py:126} INFO - Start scraping from html tags...
[2020-05-01 00:57:26,375] {bash_operator.py:126} INFO - Scraping from html tags completed
[2020-05-01 00:57:26,376] {bash_operator.py:126} INFO - Successfully connected to new_olx.db
[2020-05-01 00:57:26,376] {bash_operator.py:126} INFO - Start appending to mobkas
[2020-05-01 00:57:26,377] {bash_operator.py:126} INFO - Successfully appended data to mobkas
[2020-05-01 00:57:26,377] {bash_operator.py:126} INFO - Connection closed
[2020-05-01 00:57:26,378] {bash_operator.py:126} INFO - Appending completed
[2020-05-01 00:57:26,378] {bash_operator.py:126} INFO - Downloading html from https://www.olx.co.id/mobil-bekas_c198/q-volvo-wagon
[2020-05-01 00:57:26,379] {bash_operator.py:126} INFO - Page downloaded
[2020-05-01 00:57:26,379] {bash_operator.py:126} INFO - Start scraping from html tags...
[2020-05-01 00:57:26,380] {bash_operator.py:126} INFO - Scraping from html tags completed
[2020-05-01 00:57:26,380] {bash_operator.py:126} INFO - Successfully connected to new_olx.db
[2020-05-01 00:57:26,381] {bash_operator.py:126} INFO - Start appending to mobkas
[2020-05-01 00:57:26,381] {bash_operator.py:126} INFO - Successfully appended data to mobkas
[2020-05-01 00:57:26,382] {bash_operator.py:126} INFO - Connection closed
[2020-05-01 00:57:26,382] {bash_operator.py:126} INFO - Appending completed
[2020-05-01 00:57:26,595] {bash_operator.py:130} INFO - Command exited with return code 0
[2020-05-01 00:57:26,613] {taskinstance.py:1065} INFO - Marking task as SUCCESS.dag_id=olx_crawler, task_id=scrape_mobkas, execution_date=20200429T220000, start_date=20200430T175357, end_date=20200430T175726
[2020-05-01 00:57:30,769] {logging_mixin.py:112} INFO - [2020-05-01 00:57:30,767] {local_task_job.py:103} INFO - Task exited with return code 0
