[2020-05-01 00:33:25,881] {taskinstance.py:669} INFO - Dependencies all met for <TaskInstance: olx_crawler.scrape_rumah 2020-04-29T20:00:00+00:00 [queued]>
[2020-05-01 00:33:25,938] {taskinstance.py:669} INFO - Dependencies all met for <TaskInstance: olx_crawler.scrape_rumah 2020-04-29T20:00:00+00:00 [queued]>
[2020-05-01 00:33:25,940] {taskinstance.py:879} INFO - 
--------------------------------------------------------------------------------
[2020-05-01 00:33:25,940] {taskinstance.py:880} INFO - Starting attempt 1 of 4
[2020-05-01 00:33:25,940] {taskinstance.py:881} INFO - 
--------------------------------------------------------------------------------
[2020-05-01 00:33:26,809] {taskinstance.py:900} INFO - Executing <Task(BashOperator): scrape_rumah> on 2020-04-29T20:00:00+00:00
[2020-05-01 00:33:26,822] {standard_task_runner.py:53} INFO - Started process 3172 to run task
[2020-05-01 00:33:28,570] {logging_mixin.py:112} INFO - Running %s on host %s <TaskInstance: olx_crawler.scrape_rumah 2020-04-29T20:00:00+00:00 [running]> raspberrypi
[2020-05-01 00:33:28,620] {bash_operator.py:82} INFO - Tmp dir root location: 
 /tmp
[2020-05-01 00:33:28,622] {bash_operator.py:105} INFO - Temporary script location: /tmp/airflowtmp0d3mky4f/scrape_rumahb07epn4w
[2020-05-01 00:33:28,623] {bash_operator.py:115} INFO - Running command: cd ~/olx_crawler && python3 olx_scrape_rumah.py
[2020-05-01 00:33:28,638] {bash_operator.py:122} INFO - Output:
[2020-05-01 00:34:34,409] {bash_operator.py:126} INFO - Downloading html from https://www.olx.co.id/dijual-rumah-apartemen_c5158
[2020-05-01 00:34:34,410] {bash_operator.py:126} INFO - Page downloaded
[2020-05-01 00:34:34,431] {bash_operator.py:126} INFO - Start scraping from html tags...
[2020-05-01 00:34:34,432] {bash_operator.py:126} INFO - Scraping from html tags completed
[2020-05-01 00:34:34,432] {bash_operator.py:126} INFO - Successfully connected to new_olx.db
[2020-05-01 00:34:34,433] {bash_operator.py:126} INFO - Start appending to rumah
[2020-05-01 00:34:34,433] {bash_operator.py:126} INFO - Successfully appended data to rumah
[2020-05-01 00:34:34,434] {bash_operator.py:126} INFO - Connection closed
[2020-05-01 00:34:34,434] {bash_operator.py:126} INFO - Appending completed
[2020-05-01 00:34:34,609] {bash_operator.py:130} INFO - Command exited with return code 0
[2020-05-01 00:34:34,627] {taskinstance.py:1065} INFO - Marking task as SUCCESS.dag_id=olx_crawler, task_id=scrape_rumah, execution_date=20200429T200000, start_date=20200430T173325, end_date=20200430T173434
[2020-05-01 00:34:40,647] {logging_mixin.py:112} INFO - [2020-05-01 00:34:40,647] {local_task_job.py:103} INFO - Task exited with return code 0
