[2020-05-01 10:58:06,778] {taskinstance.py:669} INFO - Dependencies all met for <TaskInstance: olx_crawler.scrape_rumah 2020-05-01T02:00:00+00:00 [queued]>
[2020-05-01 10:58:06,812] {taskinstance.py:669} INFO - Dependencies all met for <TaskInstance: olx_crawler.scrape_rumah 2020-05-01T02:00:00+00:00 [queued]>
[2020-05-01 10:58:06,813] {taskinstance.py:879} INFO - 
--------------------------------------------------------------------------------
[2020-05-01 10:58:06,813] {taskinstance.py:880} INFO - Starting attempt 1 of 4
[2020-05-01 10:58:06,813] {taskinstance.py:881} INFO - 
--------------------------------------------------------------------------------
[2020-05-01 10:58:06,991] {taskinstance.py:900} INFO - Executing <Task(BashOperator): scrape_rumah> on 2020-05-01T02:00:00+00:00
[2020-05-01 10:58:06,998] {standard_task_runner.py:53} INFO - Started process 1308 to run task
[2020-05-01 10:58:08,075] {logging_mixin.py:112} INFO - Running %s on host %s <TaskInstance: olx_crawler.scrape_rumah 2020-05-01T02:00:00+00:00 [running]> raspberrypi
[2020-05-01 10:58:08,142] {bash_operator.py:82} INFO - Tmp dir root location: 
 /tmp
[2020-05-01 10:58:08,144] {bash_operator.py:105} INFO - Temporary script location: /tmp/airflowtmpqkbf8fhs/scrape_rumah1e7i3jgl
[2020-05-01 10:58:08,144] {bash_operator.py:115} INFO - Running command: cd ~/olx_crawler && python3 olx_scrape_rumah.py
[2020-05-01 10:58:08,160] {bash_operator.py:122} INFO - Output:
[2020-05-01 10:59:15,422] {bash_operator.py:126} INFO - Downloading html from https://www.olx.co.id/dijual-rumah-apartemen_c5158
[2020-05-01 10:59:15,423] {bash_operator.py:126} INFO - Page downloaded
[2020-05-01 10:59:15,424] {bash_operator.py:126} INFO - Start scraping from html tags...
[2020-05-01 10:59:15,424] {bash_operator.py:126} INFO - Scraping from html tags completed
[2020-05-01 10:59:15,425] {bash_operator.py:126} INFO - Successfully connected to new_olx.db
[2020-05-01 10:59:15,425] {bash_operator.py:126} INFO - Start appending to rumah
[2020-05-01 10:59:15,426] {bash_operator.py:126} INFO - Successfully appended data to rumah
[2020-05-01 10:59:15,426] {bash_operator.py:126} INFO - Connection closed
[2020-05-01 10:59:15,427] {bash_operator.py:126} INFO - Appending completed
[2020-05-01 10:59:15,633] {bash_operator.py:130} INFO - Command exited with return code 0
[2020-05-01 10:59:15,650] {taskinstance.py:1065} INFO - Marking task as SUCCESS.dag_id=olx_crawler, task_id=scrape_rumah, execution_date=20200501T020000, start_date=20200501T035806, end_date=20200501T035915
[2020-05-01 10:59:23,754] {logging_mixin.py:112} INFO - [2020-05-01 10:59:23,753] {local_task_job.py:103} INFO - Task exited with return code 0
