[2020-05-01 10:29:21,605] {taskinstance.py:669} INFO - Dependencies all met for <TaskInstance: olx_crawler.scrape_rumah 2020-04-30T21:00:00+00:00 [queued]>
[2020-05-01 10:29:21,639] {taskinstance.py:669} INFO - Dependencies all met for <TaskInstance: olx_crawler.scrape_rumah 2020-04-30T21:00:00+00:00 [queued]>
[2020-05-01 10:29:21,640] {taskinstance.py:879} INFO - 
--------------------------------------------------------------------------------
[2020-05-01 10:29:21,640] {taskinstance.py:880} INFO - Starting attempt 1 of 4
[2020-05-01 10:29:21,641] {taskinstance.py:881} INFO - 
--------------------------------------------------------------------------------
[2020-05-01 10:29:22,486] {taskinstance.py:900} INFO - Executing <Task(BashOperator): scrape_rumah> on 2020-04-30T21:00:00+00:00
[2020-05-01 10:29:22,498] {standard_task_runner.py:53} INFO - Started process 996 to run task
[2020-05-01 10:29:23,723] {logging_mixin.py:112} INFO - Running %s on host %s <TaskInstance: olx_crawler.scrape_rumah 2020-04-30T21:00:00+00:00 [running]> raspberrypi
[2020-05-01 10:29:23,771] {bash_operator.py:82} INFO - Tmp dir root location: 
 /tmp
[2020-05-01 10:29:23,773] {bash_operator.py:105} INFO - Temporary script location: /tmp/airflowtmpnnub6ccp/scrape_rumah4vi8rnq0
[2020-05-01 10:29:23,774] {bash_operator.py:115} INFO - Running command: cd ~/olx_crawler && python3 olx_scrape_rumah.py
[2020-05-01 10:29:23,788] {bash_operator.py:122} INFO - Output:
[2020-05-01 10:30:39,419] {bash_operator.py:126} INFO - Downloading html from https://www.olx.co.id/dijual-rumah-apartemen_c5158
[2020-05-01 10:30:39,420] {bash_operator.py:126} INFO - Page downloaded
[2020-05-01 10:30:39,421] {bash_operator.py:126} INFO - Start scraping from html tags...
[2020-05-01 10:30:39,421] {bash_operator.py:126} INFO - Scraping from html tags completed
[2020-05-01 10:30:39,422] {bash_operator.py:126} INFO - Successfully connected to new_olx.db
[2020-05-01 10:30:39,422] {bash_operator.py:126} INFO - Start appending to rumah
[2020-05-01 10:30:39,423] {bash_operator.py:126} INFO - Successfully appended data to rumah
[2020-05-01 10:30:39,423] {bash_operator.py:126} INFO - Connection closed
[2020-05-01 10:30:39,424] {bash_operator.py:126} INFO - Appending completed
[2020-05-01 10:30:39,632] {bash_operator.py:130} INFO - Command exited with return code 0
[2020-05-01 10:30:39,650] {taskinstance.py:1065} INFO - Marking task as SUCCESS.dag_id=olx_crawler, task_id=scrape_rumah, execution_date=20200430T210000, start_date=20200501T032921, end_date=20200501T033039
[2020-05-01 10:30:43,250] {logging_mixin.py:112} INFO - [2020-05-01 10:30:43,248] {local_task_job.py:103} INFO - Task exited with return code 0
