[2020-05-01 00:43:11,148] {taskinstance.py:669} INFO - Dependencies all met for <TaskInstance: olx_crawler.scrape_mobkas 2020-04-29T19:00:00+00:00 [queued]>
[2020-05-01 00:43:11,199] {taskinstance.py:669} INFO - Dependencies all met for <TaskInstance: olx_crawler.scrape_mobkas 2020-04-29T19:00:00+00:00 [queued]>
[2020-05-01 00:43:11,200] {taskinstance.py:879} INFO - 
--------------------------------------------------------------------------------
[2020-05-01 00:43:11,200] {taskinstance.py:880} INFO - Starting attempt 1 of 4
[2020-05-01 00:43:11,200] {taskinstance.py:881} INFO - 
--------------------------------------------------------------------------------
[2020-05-01 00:43:11,269] {taskinstance.py:900} INFO - Executing <Task(BashOperator): scrape_mobkas> on 2020-04-29T19:00:00+00:00
[2020-05-01 00:43:11,276] {standard_task_runner.py:53} INFO - Started process 3320 to run task
[2020-05-01 00:43:11,488] {logging_mixin.py:112} INFO - Running %s on host %s <TaskInstance: olx_crawler.scrape_mobkas 2020-04-29T19:00:00+00:00 [running]> raspberrypi
[2020-05-01 00:43:11,540] {bash_operator.py:82} INFO - Tmp dir root location: 
 /tmp
[2020-05-01 00:43:11,543] {bash_operator.py:105} INFO - Temporary script location: /tmp/airflowtmpseoiu2ob/scrape_mobkas5ju6aoky
[2020-05-01 00:43:11,543] {bash_operator.py:115} INFO - Running command: cd ~/olx_crawler && python3 olx_scrape_mobkas.py
[2020-05-01 00:43:11,560] {bash_operator.py:122} INFO - Output:
[2020-05-01 00:46:32,296] {bash_operator.py:126} INFO - Downloading html from https://www.olx.co.id/mobil-bekas_c198/q-katana
[2020-05-01 00:46:32,297] {bash_operator.py:126} INFO - Page downloaded
[2020-05-01 00:46:32,297] {bash_operator.py:126} INFO - Start scraping from html tags...
[2020-05-01 00:46:32,298] {bash_operator.py:126} INFO - Scraping from html tags completed
[2020-05-01 00:46:32,298] {bash_operator.py:126} INFO - Successfully connected to new_olx.db
[2020-05-01 00:46:32,299] {bash_operator.py:126} INFO - Start appending to mobkas
[2020-05-01 00:46:32,299] {bash_operator.py:126} INFO - Successfully appended data to mobkas
[2020-05-01 00:46:32,300] {bash_operator.py:126} INFO - Connection closed
[2020-05-01 00:46:32,300] {bash_operator.py:126} INFO - Appending completed
[2020-05-01 00:46:32,301] {bash_operator.py:126} INFO - Downloading html from https://www.olx.co.id/mobil-bekas_c198/q-e30
[2020-05-01 00:46:32,301] {bash_operator.py:126} INFO - Page downloaded
[2020-05-01 00:46:32,302] {bash_operator.py:126} INFO - Start scraping from html tags...
[2020-05-01 00:46:32,302] {bash_operator.py:126} INFO - Scraping from html tags completed
[2020-05-01 00:46:32,302] {bash_operator.py:126} INFO - Successfully connected to new_olx.db
[2020-05-01 00:46:32,303] {bash_operator.py:126} INFO - Start appending to mobkas
[2020-05-01 00:46:32,303] {bash_operator.py:126} INFO - Successfully appended data to mobkas
[2020-05-01 00:46:32,304] {bash_operator.py:126} INFO - Connection closed
[2020-05-01 00:46:32,304] {bash_operator.py:126} INFO - Appending completed
[2020-05-01 00:46:32,305] {bash_operator.py:126} INFO - Downloading html from https://www.olx.co.id/mobil-bekas_c198/q-volvo-wagon
[2020-05-01 00:46:32,305] {bash_operator.py:126} INFO - Page downloaded
[2020-05-01 00:46:32,306] {bash_operator.py:126} INFO - Start scraping from html tags...
[2020-05-01 00:46:32,306] {bash_operator.py:126} INFO - Scraping from html tags completed
[2020-05-01 00:46:32,307] {bash_operator.py:126} INFO - Successfully connected to new_olx.db
[2020-05-01 00:46:32,307] {bash_operator.py:126} INFO - Start appending to mobkas
[2020-05-01 00:46:32,308] {bash_operator.py:126} INFO - Successfully appended data to mobkas
[2020-05-01 00:46:32,308] {bash_operator.py:126} INFO - Connection closed
[2020-05-01 00:46:32,309] {bash_operator.py:126} INFO - Appending completed
[2020-05-01 00:46:32,516] {bash_operator.py:130} INFO - Command exited with return code 0
[2020-05-01 00:46:32,535] {taskinstance.py:1065} INFO - Marking task as SUCCESS.dag_id=olx_crawler, task_id=scrape_mobkas, execution_date=20200429T190000, start_date=20200430T174311, end_date=20200430T174632
[2020-05-01 00:46:35,729] {logging_mixin.py:112} INFO - [2020-05-01 00:46:35,727] {local_task_job.py:103} INFO - Task exited with return code 0
