[2020-05-01 00:50:20,194] {taskinstance.py:669} INFO - Dependencies all met for <TaskInstance: olx_crawler.scrape_mobkas 2020-04-29T21:00:00+00:00 [queued]>
[2020-05-01 00:50:20,248] {taskinstance.py:669} INFO - Dependencies all met for <TaskInstance: olx_crawler.scrape_mobkas 2020-04-29T21:00:00+00:00 [queued]>
[2020-05-01 00:50:20,249] {taskinstance.py:879} INFO - 
--------------------------------------------------------------------------------
[2020-05-01 00:50:20,249] {taskinstance.py:880} INFO - Starting attempt 1 of 4
[2020-05-01 00:50:20,249] {taskinstance.py:881} INFO - 
--------------------------------------------------------------------------------
[2020-05-01 00:50:20,319] {taskinstance.py:900} INFO - Executing <Task(BashOperator): scrape_mobkas> on 2020-04-29T21:00:00+00:00
[2020-05-01 00:50:20,327] {standard_task_runner.py:53} INFO - Started process 3363 to run task
[2020-05-01 00:50:20,556] {logging_mixin.py:112} INFO - Running %s on host %s <TaskInstance: olx_crawler.scrape_mobkas 2020-04-29T21:00:00+00:00 [running]> raspberrypi
[2020-05-01 00:50:20,607] {bash_operator.py:82} INFO - Tmp dir root location: 
 /tmp
[2020-05-01 00:50:20,610] {bash_operator.py:105} INFO - Temporary script location: /tmp/airflowtmplynughdf/scrape_mobkasr2c1d1sw
[2020-05-01 00:50:20,610] {bash_operator.py:115} INFO - Running command: cd ~/olx_crawler && python3 olx_scrape_mobkas.py
[2020-05-01 00:50:20,627] {bash_operator.py:122} INFO - Output:
[2020-05-01 00:53:45,797] {bash_operator.py:126} INFO - Downloading html from https://www.olx.co.id/mobil-bekas_c198/q-katana
[2020-05-01 00:53:45,798] {bash_operator.py:126} INFO - Page downloaded
[2020-05-01 00:53:45,799] {bash_operator.py:126} INFO - Start scraping from html tags...
[2020-05-01 00:53:45,799] {bash_operator.py:126} INFO - Scraping from html tags completed
[2020-05-01 00:53:45,800] {bash_operator.py:126} INFO - Successfully connected to new_olx.db
[2020-05-01 00:53:45,800] {bash_operator.py:126} INFO - Start appending to mobkas
[2020-05-01 00:53:45,801] {bash_operator.py:126} INFO - Successfully appended data to mobkas
[2020-05-01 00:53:45,801] {bash_operator.py:126} INFO - Connection closed
[2020-05-01 00:53:45,801] {bash_operator.py:126} INFO - Appending completed
[2020-05-01 00:53:45,802] {bash_operator.py:126} INFO - Downloading html from https://www.olx.co.id/mobil-bekas_c198/q-e30
[2020-05-01 00:53:45,802] {bash_operator.py:126} INFO - Page downloaded
[2020-05-01 00:53:45,803] {bash_operator.py:126} INFO - Start scraping from html tags...
[2020-05-01 00:53:45,803] {bash_operator.py:126} INFO - Scraping from html tags completed
[2020-05-01 00:53:45,804] {bash_operator.py:126} INFO - Successfully connected to new_olx.db
[2020-05-01 00:53:45,804] {bash_operator.py:126} INFO - Start appending to mobkas
[2020-05-01 00:53:45,805] {bash_operator.py:126} INFO - Successfully appended data to mobkas
[2020-05-01 00:53:45,805] {bash_operator.py:126} INFO - Connection closed
[2020-05-01 00:53:45,806] {bash_operator.py:126} INFO - Appending completed
[2020-05-01 00:53:45,806] {bash_operator.py:126} INFO - Downloading html from https://www.olx.co.id/mobil-bekas_c198/q-volvo-wagon
[2020-05-01 00:53:45,807] {bash_operator.py:126} INFO - Page downloaded
[2020-05-01 00:53:45,807] {bash_operator.py:126} INFO - Start scraping from html tags...
[2020-05-01 00:53:45,808] {bash_operator.py:126} INFO - Scraping from html tags completed
[2020-05-01 00:53:45,808] {bash_operator.py:126} INFO - Successfully connected to new_olx.db
[2020-05-01 00:53:45,808] {bash_operator.py:126} INFO - Start appending to mobkas
[2020-05-01 00:53:45,809] {bash_operator.py:126} INFO - Successfully appended data to mobkas
[2020-05-01 00:53:45,809] {bash_operator.py:126} INFO - Connection closed
[2020-05-01 00:53:45,810] {bash_operator.py:126} INFO - Appending completed
[2020-05-01 00:53:46,019] {bash_operator.py:130} INFO - Command exited with return code 0
[2020-05-01 00:53:46,037] {taskinstance.py:1065} INFO - Marking task as SUCCESS.dag_id=olx_crawler, task_id=scrape_mobkas, execution_date=20200429T210000, start_date=20200430T175020, end_date=20200430T175346
[2020-05-01 00:53:48,487] {logging_mixin.py:112} INFO - [2020-05-01 00:53:48,486] {local_task_job.py:103} INFO - Task exited with return code 0
