[2020-05-01 10:32:26,788] {taskinstance.py:669} INFO - Dependencies all met for <TaskInstance: olx_crawler.scrape_mobkas 2020-04-30T18:00:00+00:00 [queued]>
[2020-05-01 10:32:26,834] {taskinstance.py:669} INFO - Dependencies all met for <TaskInstance: olx_crawler.scrape_mobkas 2020-04-30T18:00:00+00:00 [queued]>
[2020-05-01 10:32:26,835] {taskinstance.py:879} INFO - 
--------------------------------------------------------------------------------
[2020-05-01 10:32:26,835] {taskinstance.py:880} INFO - Starting attempt 1 of 4
[2020-05-01 10:32:26,835] {taskinstance.py:881} INFO - 
--------------------------------------------------------------------------------
[2020-05-01 10:32:28,427] {taskinstance.py:900} INFO - Executing <Task(BashOperator): scrape_mobkas> on 2020-04-30T18:00:00+00:00
[2020-05-01 10:32:28,439] {standard_task_runner.py:53} INFO - Started process 1019 to run task
[2020-05-01 10:32:28,715] {logging_mixin.py:112} INFO - Running %s on host %s <TaskInstance: olx_crawler.scrape_mobkas 2020-04-30T18:00:00+00:00 [running]> raspberrypi
[2020-05-01 10:32:28,762] {bash_operator.py:82} INFO - Tmp dir root location: 
 /tmp
[2020-05-01 10:32:28,765] {bash_operator.py:105} INFO - Temporary script location: /tmp/airflowtmpk3uqcrfw/scrape_mobkasm3mg46jd
[2020-05-01 10:32:28,765] {bash_operator.py:115} INFO - Running command: cd ~/olx_crawler && python3 olx_scrape_mobkas.py
[2020-05-01 10:32:28,779] {bash_operator.py:122} INFO - Output:
[2020-05-01 10:35:56,901] {bash_operator.py:126} INFO - Downloading html from https://www.olx.co.id/mobil-bekas_c198/q-katana
[2020-05-01 10:35:56,902] {bash_operator.py:126} INFO - Page downloaded
[2020-05-01 10:35:56,902] {bash_operator.py:126} INFO - Start scraping from html tags...
[2020-05-01 10:35:56,903] {bash_operator.py:126} INFO - Scraping from html tags completed
[2020-05-01 10:35:56,903] {bash_operator.py:126} INFO - Successfully connected to new_olx.db
[2020-05-01 10:35:56,904] {bash_operator.py:126} INFO - Start appending to mobkas
[2020-05-01 10:35:56,904] {bash_operator.py:126} INFO - Successfully appended data to mobkas
[2020-05-01 10:35:56,905] {bash_operator.py:126} INFO - Connection closed
[2020-05-01 10:35:56,905] {bash_operator.py:126} INFO - Appending completed
[2020-05-01 10:35:56,905] {bash_operator.py:126} INFO - Downloading html from https://www.olx.co.id/mobil-bekas_c198/q-e30
[2020-05-01 10:35:56,906] {bash_operator.py:126} INFO - Page downloaded
[2020-05-01 10:35:56,906] {bash_operator.py:126} INFO - Start scraping from html tags...
[2020-05-01 10:35:56,907] {bash_operator.py:126} INFO - Scraping from html tags completed
[2020-05-01 10:35:56,907] {bash_operator.py:126} INFO - Successfully connected to new_olx.db
[2020-05-01 10:35:56,908] {bash_operator.py:126} INFO - Start appending to mobkas
[2020-05-01 10:35:56,908] {bash_operator.py:126} INFO - Successfully appended data to mobkas
[2020-05-01 10:35:56,908] {bash_operator.py:126} INFO - Connection closed
[2020-05-01 10:35:56,909] {bash_operator.py:126} INFO - Appending completed
[2020-05-01 10:35:56,909] {bash_operator.py:126} INFO - Downloading html from https://www.olx.co.id/mobil-bekas_c198/q-volvo-wagon
[2020-05-01 10:35:56,910] {bash_operator.py:126} INFO - Page downloaded
[2020-05-01 10:35:56,910] {bash_operator.py:126} INFO - Start scraping from html tags...
[2020-05-01 10:35:56,911] {bash_operator.py:126} INFO - Scraping from html tags completed
[2020-05-01 10:35:56,911] {bash_operator.py:126} INFO - Successfully connected to new_olx.db
[2020-05-01 10:35:56,912] {bash_operator.py:126} INFO - Start appending to mobkas
[2020-05-01 10:35:56,912] {bash_operator.py:126} INFO - Successfully appended data to mobkas
[2020-05-01 10:35:56,913] {bash_operator.py:126} INFO - Connection closed
[2020-05-01 10:35:56,913] {bash_operator.py:126} INFO - Appending completed
[2020-05-01 10:35:57,121] {bash_operator.py:130} INFO - Command exited with return code 0
[2020-05-01 10:35:57,139] {taskinstance.py:1065} INFO - Marking task as SUCCESS.dag_id=olx_crawler, task_id=scrape_mobkas, execution_date=20200430T180000, start_date=20200501T033226, end_date=20200501T033557
[2020-05-01 10:36:01,186] {logging_mixin.py:112} INFO - [2020-05-01 10:36:01,184] {local_task_job.py:103} INFO - Task exited with return code 0
