[2020-05-01 10:48:24,611] {taskinstance.py:669} INFO - Dependencies all met for <TaskInstance: olx_crawler.scrape_rumah 2020-05-01T00:00:00+00:00 [queued]>
[2020-05-01 10:48:24,651] {taskinstance.py:669} INFO - Dependencies all met for <TaskInstance: olx_crawler.scrape_rumah 2020-05-01T00:00:00+00:00 [queued]>
[2020-05-01 10:48:24,652] {taskinstance.py:879} INFO - 
--------------------------------------------------------------------------------
[2020-05-01 10:48:24,652] {taskinstance.py:880} INFO - Starting attempt 1 of 4
[2020-05-01 10:48:24,652] {taskinstance.py:881} INFO - 
--------------------------------------------------------------------------------
[2020-05-01 10:48:24,826] {taskinstance.py:900} INFO - Executing <Task(BashOperator): scrape_rumah> on 2020-05-01T00:00:00+00:00
[2020-05-01 10:48:24,833] {standard_task_runner.py:53} INFO - Started process 1167 to run task
[2020-05-01 10:48:25,124] {logging_mixin.py:112} INFO - Running %s on host %s <TaskInstance: olx_crawler.scrape_rumah 2020-05-01T00:00:00+00:00 [running]> raspberrypi
[2020-05-01 10:48:25,172] {bash_operator.py:82} INFO - Tmp dir root location: 
 /tmp
[2020-05-01 10:48:25,174] {bash_operator.py:105} INFO - Temporary script location: /tmp/airflowtmpx1hu18kc/scrape_rumahcl_49eyd
[2020-05-01 10:48:25,175] {bash_operator.py:115} INFO - Running command: cd ~/olx_crawler && python3 olx_scrape_rumah.py
[2020-05-01 10:48:25,190] {bash_operator.py:122} INFO - Output:
[2020-05-01 10:49:29,398] {bash_operator.py:126} INFO - Downloading html from https://www.olx.co.id/dijual-rumah-apartemen_c5158
[2020-05-01 10:49:29,399] {bash_operator.py:126} INFO - Page downloaded
[2020-05-01 10:49:29,400] {bash_operator.py:126} INFO - Start scraping from html tags...
[2020-05-01 10:49:29,400] {bash_operator.py:126} INFO - Scraping from html tags completed
[2020-05-01 10:49:29,401] {bash_operator.py:126} INFO - Successfully connected to new_olx.db
[2020-05-01 10:49:29,402] {bash_operator.py:126} INFO - Start appending to rumah
[2020-05-01 10:49:29,402] {bash_operator.py:126} INFO - Successfully appended data to rumah
[2020-05-01 10:49:29,402] {bash_operator.py:126} INFO - Connection closed
[2020-05-01 10:49:29,403] {bash_operator.py:126} INFO - Appending completed
[2020-05-01 10:49:29,597] {bash_operator.py:130} INFO - Command exited with return code 0
[2020-05-01 10:49:29,615] {taskinstance.py:1065} INFO - Marking task as SUCCESS.dag_id=olx_crawler, task_id=scrape_rumah, execution_date=20200501T000000, start_date=20200501T034824, end_date=20200501T034929
[2020-05-01 10:49:32,392] {logging_mixin.py:112} INFO - [2020-05-01 10:49:32,391] {local_task_job.py:103} INFO - Task exited with return code 0
