[2020-05-01 10:59:31,064] {taskinstance.py:669} INFO - Dependencies all met for <TaskInstance: olx_crawler.scrape_mobkas 2020-05-01T00:00:00+00:00 [queued]>
[2020-05-01 10:59:31,110] {taskinstance.py:669} INFO - Dependencies all met for <TaskInstance: olx_crawler.scrape_mobkas 2020-05-01T00:00:00+00:00 [queued]>
[2020-05-01 10:59:31,111] {taskinstance.py:879} INFO - 
--------------------------------------------------------------------------------
[2020-05-01 10:59:31,111] {taskinstance.py:880} INFO - Starting attempt 1 of 4
[2020-05-01 10:59:31,111] {taskinstance.py:881} INFO - 
--------------------------------------------------------------------------------
[2020-05-01 10:59:31,320] {taskinstance.py:900} INFO - Executing <Task(BashOperator): scrape_mobkas> on 2020-05-01T00:00:00+00:00
[2020-05-01 10:59:31,326] {standard_task_runner.py:53} INFO - Started process 1321 to run task
[2020-05-01 10:59:31,631] {logging_mixin.py:112} INFO - Running %s on host %s <TaskInstance: olx_crawler.scrape_mobkas 2020-05-01T00:00:00+00:00 [running]> raspberrypi
[2020-05-01 10:59:31,677] {bash_operator.py:82} INFO - Tmp dir root location: 
 /tmp
[2020-05-01 10:59:31,680] {bash_operator.py:105} INFO - Temporary script location: /tmp/airflowtmpjz9nbc74/scrape_mobkasi93jko_v
[2020-05-01 10:59:31,680] {bash_operator.py:115} INFO - Running command: cd ~/olx_crawler && python3 olx_scrape_mobkas.py
[2020-05-01 10:59:31,695] {bash_operator.py:122} INFO - Output:
[2020-05-01 11:02:50,781] {bash_operator.py:126} INFO - Downloading html from https://www.olx.co.id/mobil-bekas_c198/q-katana
[2020-05-01 11:02:50,782] {bash_operator.py:126} INFO - Page downloaded
[2020-05-01 11:02:50,783] {bash_operator.py:126} INFO - Start scraping from html tags...
[2020-05-01 11:02:50,783] {bash_operator.py:126} INFO - Scraping from html tags completed
[2020-05-01 11:02:50,784] {bash_operator.py:126} INFO - Successfully connected to new_olx.db
[2020-05-01 11:02:50,784] {bash_operator.py:126} INFO - Start appending to mobkas
[2020-05-01 11:02:50,784] {bash_operator.py:126} INFO - Successfully appended data to mobkas
[2020-05-01 11:02:50,785] {bash_operator.py:126} INFO - Connection closed
[2020-05-01 11:02:50,785] {bash_operator.py:126} INFO - Appending completed
[2020-05-01 11:02:50,786] {bash_operator.py:126} INFO - Downloading html from https://www.olx.co.id/mobil-bekas_c198/q-e30
[2020-05-01 11:02:50,786] {bash_operator.py:126} INFO - Page downloaded
[2020-05-01 11:02:50,787] {bash_operator.py:126} INFO - Start scraping from html tags...
[2020-05-01 11:02:50,787] {bash_operator.py:126} INFO - Scraping from html tags completed
[2020-05-01 11:02:50,788] {bash_operator.py:126} INFO - Successfully connected to new_olx.db
[2020-05-01 11:02:50,788] {bash_operator.py:126} INFO - Start appending to mobkas
[2020-05-01 11:02:50,788] {bash_operator.py:126} INFO - Successfully appended data to mobkas
[2020-05-01 11:02:50,789] {bash_operator.py:126} INFO - Connection closed
[2020-05-01 11:02:50,789] {bash_operator.py:126} INFO - Appending completed
[2020-05-01 11:02:50,790] {bash_operator.py:126} INFO - Downloading html from https://www.olx.co.id/mobil-bekas_c198/q-volvo-wagon
[2020-05-01 11:02:50,790] {bash_operator.py:126} INFO - Page downloaded
[2020-05-01 11:02:50,791] {bash_operator.py:126} INFO - Start scraping from html tags...
[2020-05-01 11:02:50,791] {bash_operator.py:126} INFO - Scraping from html tags completed
[2020-05-01 11:02:50,792] {bash_operator.py:126} INFO - Successfully connected to new_olx.db
[2020-05-01 11:02:50,792] {bash_operator.py:126} INFO - Start appending to mobkas
[2020-05-01 11:02:50,793] {bash_operator.py:126} INFO - Successfully appended data to mobkas
[2020-05-01 11:02:50,793] {bash_operator.py:126} INFO - Connection closed
[2020-05-01 11:02:50,794] {bash_operator.py:126} INFO - Appending completed
[2020-05-01 11:02:50,981] {bash_operator.py:130} INFO - Command exited with return code 0
[2020-05-01 11:02:50,999] {taskinstance.py:1065} INFO - Marking task as SUCCESS.dag_id=olx_crawler, task_id=scrape_mobkas, execution_date=20200501T000000, start_date=20200501T035931, end_date=20200501T040250
[2020-05-01 11:02:55,733] {logging_mixin.py:112} INFO - [2020-05-01 11:02:55,731] {local_task_job.py:103} INFO - Task exited with return code 0
